nohup: ignoring input
2025-05-26 18:58:10,421   INFO : 

 Processing file: /home/qinghua/projects/matg/data/HumanEvalJava/candor_initialize_1/src/main/java/original/id_150.java (1/160)
2025-05-26 18:58:10,421   INFO : Test file already exists at /home/qinghua/projects/matg/data/HumanEvalJava/candor_initialize_1/src/test/java/original/id_150Test.java
2025-05-26 18:58:10,421   INFO : 

 Processing file: /home/qinghua/projects/matg/data/HumanEvalJava/candor_initialize_1/src/main/java/original/id_130.java (2/160)
2025-05-26 18:58:10,421   INFO : Test file already exists at /home/qinghua/projects/matg/data/HumanEvalJava/candor_initialize_1/src/test/java/original/id_130Test.java
2025-05-26 18:58:10,421   INFO : 

 Processing file: /home/qinghua/projects/matg/data/HumanEvalJava/candor_initialize_1/src/main/java/original/id_146.java (3/160)
2025-05-26 18:58:10,421   INFO : Test file already exists at /home/qinghua/projects/matg/data/HumanEvalJava/candor_initialize_1/src/test/java/original/id_146Test.java
2025-05-26 18:58:10,421   INFO : 

 Processing file: /home/qinghua/projects/matg/data/HumanEvalJava/candor_initialize_1/src/main/java/original/id_39.java (4/160)
2025-05-26 18:58:10,421   INFO : Test file already exists at /home/qinghua/projects/matg/data/HumanEvalJava/candor_initialize_1/src/test/java/original/id_39Test.java
2025-05-26 18:58:10,421   INFO : 

 Processing file: /home/qinghua/projects/matg/data/HumanEvalJava/candor_initialize_1/src/main/java/original/id_53.java (5/160)
2025-05-26 18:58:10,421   INFO : Test file already exists at /home/qinghua/projects/matg/data/HumanEvalJava/candor_initialize_1/src/test/java/original/id_53Test.java
2025-05-26 18:58:10,421   INFO : 

 Processing file: /home/qinghua/projects/matg/data/HumanEvalJava/candor_initialize_1/src/main/java/original/id_31.java (6/160)
2025-05-26 18:58:10,421   INFO : Test file already exists at /home/qinghua/projects/matg/data/HumanEvalJava/candor_initialize_1/src/test/java/original/id_31Test.java
2025-05-26 18:58:10,421   INFO : 

 Processing file: /home/qinghua/projects/matg/data/HumanEvalJava/candor_initialize_1/src/main/java/original/id_72.java (7/160)
2025-05-26 18:58:10,421   INFO : Test file already exists at /home/qinghua/projects/matg/data/HumanEvalJava/candor_initialize_1/src/test/java/original/id_72Test.java
2025-05-26 18:58:10,421   INFO : 

 Processing file: /home/qinghua/projects/matg/data/HumanEvalJava/candor_initialize_1/src/main/java/original/id_109.java (8/160)
2025-05-26 18:58:10,421   INFO : Test file already exists at /home/qinghua/projects/matg/data/HumanEvalJava/candor_initialize_1/src/test/java/original/id_109Test.java
2025-05-26 18:58:10,421   INFO : 

 Processing file: /home/qinghua/projects/matg/data/HumanEvalJava/candor_initialize_1/src/main/java/original/id_111.java (9/160)
2025-05-26 18:58:10,421   INFO : Test file already exists at /home/qinghua/projects/matg/data/HumanEvalJava/candor_initialize_1/src/test/java/original/id_111Test.java
2025-05-26 18:58:10,421   INFO : 

 Processing file: /home/qinghua/projects/matg/data/HumanEvalJava/candor_initialize_1/src/main/java/original/id_133.java (10/160)
2025-05-26 18:58:10,421   INFO : Test file already exists at /home/qinghua/projects/matg/data/HumanEvalJava/candor_initialize_1/src/test/java/original/id_133Test.java
2025-05-26 18:58:10,421   INFO : 

 Processing file: /home/qinghua/projects/matg/data/HumanEvalJava/candor_initialize_1/src/main/java/original/id_144.java (11/160)
2025-05-26 18:58:10,421   INFO : Test file already exists at /home/qinghua/projects/matg/data/HumanEvalJava/candor_initialize_1/src/test/java/original/id_144Test.java
2025-05-26 18:58:10,421   INFO : 

 Processing file: /home/qinghua/projects/matg/data/HumanEvalJava/candor_initialize_1/src/main/java/original/id_8.java (12/160)
2025-05-26 18:58:10,421   INFO : Test file already exists at /home/qinghua/projects/matg/data/HumanEvalJava/candor_initialize_1/src/test/java/original/id_8Test.java
2025-05-26 18:58:10,421   INFO : 

 Processing file: /home/qinghua/projects/matg/data/HumanEvalJava/candor_initialize_1/src/main/java/original/id_119.java (13/160)
2025-05-26 18:58:10,421   INFO : Test file already exists at /home/qinghua/projects/matg/data/HumanEvalJava/candor_initialize_1/src/test/java/original/id_119Test.java
2025-05-26 18:58:10,421   INFO : 

 Processing file: /home/qinghua/projects/matg/data/HumanEvalJava/candor_initialize_1/src/main/java/original/id_102.java (14/160)
2025-05-26 18:58:10,421   INFO : Test file already exists at /home/qinghua/projects/matg/data/HumanEvalJava/candor_initialize_1/src/test/java/original/id_102Test.java
2025-05-26 18:58:10,421   INFO : 

 Processing file: /home/qinghua/projects/matg/data/HumanEvalJava/candor_initialize_1/src/main/java/original/id_85.java (15/160)
2025-05-26 18:58:10,421   INFO : Test file already exists at /home/qinghua/projects/matg/data/HumanEvalJava/candor_initialize_1/src/test/java/original/id_85Test.java
2025-05-26 18:58:10,421   INFO : 

 Processing file: /home/qinghua/projects/matg/data/HumanEvalJava/candor_initialize_1/src/main/java/original/id_88.java (16/160)
2025-05-26 18:58:10,421   INFO : Test file already exists at /home/qinghua/projects/matg/data/HumanEvalJava/candor_initialize_1/src/test/java/original/id_88Test.java
2025-05-26 18:58:10,421   INFO : 

 Processing file: /home/qinghua/projects/matg/data/HumanEvalJava/candor_initialize_1/src/main/java/original/id_11.java (17/160)
2025-05-26 18:58:10,421   INFO : Test file already exists at /home/qinghua/projects/matg/data/HumanEvalJava/candor_initialize_1/src/test/java/original/id_11Test.java
2025-05-26 18:58:10,421   INFO : 

 Processing file: /home/qinghua/projects/matg/data/HumanEvalJava/candor_initialize_1/src/main/java/original/id_154.java (18/160)
2025-05-26 18:58:10,421   INFO : Test file already exists at /home/qinghua/projects/matg/data/HumanEvalJava/candor_initialize_1/src/test/java/original/id_154Test.java
2025-05-26 18:58:10,421   INFO : 

 Processing file: /home/qinghua/projects/matg/data/HumanEvalJava/candor_initialize_1/src/main/java/original/id_42.java (19/160)
2025-05-26 18:58:10,421   INFO : Test file already exists at /home/qinghua/projects/matg/data/HumanEvalJava/candor_initialize_1/src/test/java/original/id_42Test.java
2025-05-26 18:58:10,421   INFO : 

 Processing file: /home/qinghua/projects/matg/data/HumanEvalJava/candor_initialize_1/src/main/java/original/id_136.java (20/160)
2025-05-26 18:58:10,421   INFO : Test file already exists at /home/qinghua/projects/matg/data/HumanEvalJava/candor_initialize_1/src/test/java/original/id_136Test.java
2025-05-26 18:58:10,421   INFO : 

 Processing file: /home/qinghua/projects/matg/data/HumanEvalJava/candor_initialize_1/src/main/java/original/id_125.java (21/160)
2025-05-26 18:58:10,421   INFO : Test file already exists at /home/qinghua/projects/matg/data/HumanEvalJava/candor_initialize_1/src/test/java/original/id_125Test.java
2025-05-26 18:58:10,421   INFO : 

 Processing file: /home/qinghua/projects/matg/data/HumanEvalJava/candor_initialize_1/src/main/java/original/id_48.java (22/160)
2025-05-26 18:58:10,421   INFO : Test file already exists at /home/qinghua/projects/matg/data/HumanEvalJava/candor_initialize_1/src/test/java/original/id_48Test.java
2025-05-26 18:58:10,421   INFO : 

 Processing file: /home/qinghua/projects/matg/data/HumanEvalJava/candor_initialize_1/src/main/java/original/id_84.java (23/160)
2025-05-26 18:58:10,421   INFO : Test file already exists at /home/qinghua/projects/matg/data/HumanEvalJava/candor_initialize_1/src/test/java/original/id_84Test.java
2025-05-26 18:58:10,421   INFO : 

 Processing file: /home/qinghua/projects/matg/data/HumanEvalJava/candor_initialize_1/src/main/java/original/id_81.java (24/160)
2025-05-26 18:58:10,421   INFO : Test file already exists at /home/qinghua/projects/matg/data/HumanEvalJava/candor_initialize_1/src/test/java/original/id_81Test.java
2025-05-26 18:58:10,421   INFO : 

 Processing file: /home/qinghua/projects/matg/data/HumanEvalJava/candor_initialize_1/src/main/java/original/id_71.java (25/160)
2025-05-26 18:58:10,421   INFO : Test file already exists at /home/qinghua/projects/matg/data/HumanEvalJava/candor_initialize_1/src/test/java/original/id_71Test.java
2025-05-26 18:58:10,421   INFO : 

 Processing file: /home/qinghua/projects/matg/data/HumanEvalJava/candor_initialize_1/src/main/java/original/id_112.java (26/160)
2025-05-26 18:58:10,421   INFO : Test file already exists at /home/qinghua/projects/matg/data/HumanEvalJava/candor_initialize_1/src/test/java/original/id_112Test.java
2025-05-26 18:58:10,421   INFO : 

 Processing file: /home/qinghua/projects/matg/data/HumanEvalJava/candor_initialize_1/src/main/java/original/id_116.java (27/160)
2025-05-26 18:58:10,421   INFO : Test file already exists at /home/qinghua/projects/matg/data/HumanEvalJava/candor_initialize_1/src/test/java/original/id_116Test.java
2025-05-26 18:58:10,421   INFO : 

 Processing file: /home/qinghua/projects/matg/data/HumanEvalJava/candor_initialize_1/src/main/java/original/id_73.java (28/160)
2025-05-26 18:58:10,421   INFO : Test file already exists at /home/qinghua/projects/matg/data/HumanEvalJava/candor_initialize_1/src/test/java/original/id_73Test.java
2025-05-26 18:58:10,421   INFO : 

 Processing file: /home/qinghua/projects/matg/data/HumanEvalJava/candor_initialize_1/src/main/java/original/id_99.java (29/160)
2025-05-26 18:58:10,421   INFO : Test file already exists at /home/qinghua/projects/matg/data/HumanEvalJava/candor_initialize_1/src/test/java/original/id_99Test.java
2025-05-26 18:58:10,421   INFO : 

 Processing file: /home/qinghua/projects/matg/data/HumanEvalJava/candor_initialize_1/src/main/java/original/id_92.java (30/160)
2025-05-26 18:58:10,421   INFO : Test file already exists at /home/qinghua/projects/matg/data/HumanEvalJava/candor_initialize_1/src/test/java/original/id_92Test.java
2025-05-26 18:58:10,421   INFO : 

 Processing file: /home/qinghua/projects/matg/data/HumanEvalJava/candor_initialize_1/src/main/java/original/id_79.java (31/160)
2025-05-26 18:58:10,421   INFO : Test file already exists at /home/qinghua/projects/matg/data/HumanEvalJava/candor_initialize_1/src/test/java/original/id_79Test.java
2025-05-26 18:58:10,421   INFO : 

 Processing file: /home/qinghua/projects/matg/data/HumanEvalJava/candor_initialize_1/src/main/java/original/id_49.java (32/160)
2025-05-26 18:58:10,421   INFO : Test file already exists at /home/qinghua/projects/matg/data/HumanEvalJava/candor_initialize_1/src/test/java/original/id_49Test.java
2025-05-26 18:58:10,421   INFO : 

 Processing file: /home/qinghua/projects/matg/data/HumanEvalJava/candor_initialize_1/src/main/java/original/id_1.java (33/160)
2025-05-26 18:58:10,421   INFO : Test file already exists at /home/qinghua/projects/matg/data/HumanEvalJava/candor_initialize_1/src/test/java/original/id_1Test.java
2025-05-26 18:58:10,421   INFO : 

 Processing file: /home/qinghua/projects/matg/data/HumanEvalJava/candor_initialize_1/src/main/java/original/id_120.java (34/160)
2025-05-26 18:58:10,422   INFO : Test file already exists at /home/qinghua/projects/matg/data/HumanEvalJava/candor_initialize_1/src/test/java/original/id_120Test.java
2025-05-26 18:58:10,422   INFO : 

 Processing file: /home/qinghua/projects/matg/data/HumanEvalJava/candor_initialize_1/src/main/java/original/id_139.java (35/160)
2025-05-26 18:58:10,422   INFO : Test file already exists at /home/qinghua/projects/matg/data/HumanEvalJava/candor_initialize_1/src/test/java/original/id_139Test.java
2025-05-26 18:58:10,422   INFO : 

 Processing file: /home/qinghua/projects/matg/data/HumanEvalJava/candor_initialize_1/src/main/java/original/id_132.java (36/160)
2025-05-26 18:58:10,422   INFO : Test file already exists at /home/qinghua/projects/matg/data/HumanEvalJava/candor_initialize_1/src/test/java/original/id_132Test.java
2025-05-26 18:58:10,422   INFO : 

 Processing file: /home/qinghua/projects/matg/data/HumanEvalJava/candor_initialize_1/src/main/java/original/id_93.java (37/160)
2025-05-26 18:58:10,422   INFO : Test file already exists at /home/qinghua/projects/matg/data/HumanEvalJava/candor_initialize_1/src/test/java/original/id_93Test.java
2025-05-26 18:58:10,422   INFO : 

 Processing file: /home/qinghua/projects/matg/data/HumanEvalJava/candor_initialize_1/src/main/java/original/id_16.java (38/160)
2025-05-26 18:58:10,422   INFO : Test file already exists at /home/qinghua/projects/matg/data/HumanEvalJava/candor_initialize_1/src/test/java/original/id_16Test.java
2025-05-26 18:58:10,422   INFO : 

 Processing file: /home/qinghua/projects/matg/data/HumanEvalJava/candor_initialize_1/src/main/java/original/id_80.java (39/160)
2025-05-26 18:58:10,422   INFO : Test file already exists at /home/qinghua/projects/matg/data/HumanEvalJava/candor_initialize_1/src/test/java/original/id_80Test.java
2025-05-26 18:58:10,422   INFO : 

 Processing file: /home/qinghua/projects/matg/data/HumanEvalJava/candor_initialize_1/src/main/java/original/id_23.java (40/160)
2025-05-26 18:58:10,422   INFO : Test file already exists at /home/qinghua/projects/matg/data/HumanEvalJava/candor_initialize_1/src/test/java/original/id_23Test.java
2025-05-26 18:58:10,422   INFO : 

 Processing file: /home/qinghua/projects/matg/data/HumanEvalJava/candor_initialize_1/src/main/java/original/id_140.java (41/160)
2025-05-26 18:58:10,422   INFO : Test file already exists at /home/qinghua/projects/matg/data/HumanEvalJava/candor_initialize_1/src/test/java/original/id_140Test.java
2025-05-26 18:58:10,422   INFO : 

 Processing file: /home/qinghua/projects/matg/data/HumanEvalJava/candor_initialize_1/src/main/java/original/id_123.java (42/160)
2025-05-26 18:58:10,422   INFO : Test file already exists at /home/qinghua/projects/matg/data/HumanEvalJava/candor_initialize_1/src/test/java/original/id_123Test.java
2025-05-26 18:58:10,422   INFO : 

 Processing file: /home/qinghua/projects/matg/data/HumanEvalJava/candor_initialize_1/src/main/java/original/id_28.java (43/160)
2025-05-26 18:58:10,422   INFO : Test file already exists at /home/qinghua/projects/matg/data/HumanEvalJava/candor_initialize_1/src/test/java/original/id_28Test.java
2025-05-26 18:58:10,422   INFO : 

 Processing file: /home/qinghua/projects/matg/data/HumanEvalJava/candor_initialize_1/src/main/java/original/id_34.java (44/160)
2025-05-26 18:58:10,422   INFO : Test file already exists at /home/qinghua/projects/matg/data/HumanEvalJava/candor_initialize_1/src/test/java/original/id_34Test.java
2025-05-26 18:58:10,422   INFO : 

 Processing file: /home/qinghua/projects/matg/data/HumanEvalJava/candor_initialize_1/src/main/java/original/id_153.java (45/160)
2025-05-26 18:58:10,422   INFO : Test file already exists at /home/qinghua/projects/matg/data/HumanEvalJava/candor_initialize_1/src/test/java/original/id_153Test.java
2025-05-26 18:58:10,422   INFO : 

 Processing file: /home/qinghua/projects/matg/data/HumanEvalJava/candor_initialize_1/src/main/java/original/id_3.java (46/160)
2025-05-26 18:58:10,422   INFO : Test file already exists at /home/qinghua/projects/matg/data/HumanEvalJava/candor_initialize_1/src/test/java/original/id_3Test.java
2025-05-26 18:58:10,422   INFO : 

 Processing file: /home/qinghua/projects/matg/data/HumanEvalJava/candor_initialize_1/src/main/java/original/id_83.java (47/160)
2025-05-26 18:58:10,422   INFO : Test file already exists at /home/qinghua/projects/matg/data/HumanEvalJava/candor_initialize_1/src/test/java/original/id_83Test.java
2025-05-26 18:58:10,422   INFO : 

 Processing file: /home/qinghua/projects/matg/data/HumanEvalJava/candor_initialize_1/src/main/java/original/id_18.java (48/160)
2025-05-26 18:58:10,422   INFO : Test file already exists at /home/qinghua/projects/matg/data/HumanEvalJava/candor_initialize_1/src/test/java/original/id_18Test.java
2025-05-26 18:58:10,422   INFO : 

 Processing file: /home/qinghua/projects/matg/data/HumanEvalJava/candor_initialize_1/src/main/java/original/id_10.java (49/160)
2025-05-26 18:58:10,422   INFO : Test file already exists at /home/qinghua/projects/matg/data/HumanEvalJava/candor_initialize_1/src/test/java/original/id_10Test.java
2025-05-26 18:58:10,422   INFO : 

 Processing file: /home/qinghua/projects/matg/data/HumanEvalJava/candor_initialize_1/src/main/java/original/id_74.java (50/160)
2025-05-26 18:58:10,422   INFO : Test file already exists at /home/qinghua/projects/matg/data/HumanEvalJava/candor_initialize_1/src/test/java/original/id_74Test.java
2025-05-26 18:58:10,422   INFO : 

 Processing file: /home/qinghua/projects/matg/data/HumanEvalJava/candor_initialize_1/src/main/java/original/id_15.java (51/160)
2025-05-26 18:58:10,422   INFO : Test file already exists at /home/qinghua/projects/matg/data/HumanEvalJava/candor_initialize_1/src/test/java/original/id_15Test.java
2025-05-26 18:58:10,422   INFO : 

 Processing file: /home/qinghua/projects/matg/data/HumanEvalJava/candor_initialize_1/src/main/java/original/id_9.java (52/160)
2025-05-26 18:58:10,422   INFO : Test file already exists at /home/qinghua/projects/matg/data/HumanEvalJava/candor_initialize_1/src/test/java/original/id_9Test.java
2025-05-26 18:58:10,422   INFO : 

 Processing file: /home/qinghua/projects/matg/data/HumanEvalJava/candor_initialize_1/src/main/java/original/id_33.java (53/160)
2025-05-26 18:58:10,422   INFO : Test file already exists at /home/qinghua/projects/matg/data/HumanEvalJava/candor_initialize_1/src/test/java/original/id_33Test.java
2025-05-26 18:58:10,422   INFO : 

 Processing file: /home/qinghua/projects/matg/data/HumanEvalJava/candor_initialize_1/src/main/java/original/id_0.java (54/160)
2025-05-26 18:58:10,422   INFO : Test file already exists at /home/qinghua/projects/matg/data/HumanEvalJava/candor_initialize_1/src/test/java/original/id_0Test.java
2025-05-26 18:58:10,422   INFO : 

 Processing file: /home/qinghua/projects/matg/data/HumanEvalJava/candor_initialize_1/src/main/java/original/id_19.java (55/160)
2025-05-26 18:58:10,422   INFO : Test file already exists at /home/qinghua/projects/matg/data/HumanEvalJava/candor_initialize_1/src/test/java/original/id_19Test.java
2025-05-26 18:58:10,422   INFO : 

 Processing file: /home/qinghua/projects/matg/data/HumanEvalJava/candor_initialize_1/src/main/java/original/id_158.java (56/160)
2025-05-26 18:58:10,422   INFO : Test file already exists at /home/qinghua/projects/matg/data/HumanEvalJava/candor_initialize_1/src/test/java/original/id_158Test.java
2025-05-26 18:58:10,422   INFO : 

 Processing file: /home/qinghua/projects/matg/data/HumanEvalJava/candor_initialize_1/src/main/java/original/id_135.java (57/160)
2025-05-26 18:58:10,422   INFO : Test file already exists at /home/qinghua/projects/matg/data/HumanEvalJava/candor_initialize_1/src/test/java/original/id_135Test.java
2025-05-26 18:58:10,422   INFO : 

 Processing file: /home/qinghua/projects/matg/data/HumanEvalJava/candor_initialize_1/src/main/java/original/id_95.java (58/160)
2025-05-26 18:58:10,422   INFO : Test file already exists at /home/qinghua/projects/matg/data/HumanEvalJava/candor_initialize_1/src/test/java/original/id_95Test.java
2025-05-26 18:58:10,422   INFO : 

 Processing file: /home/qinghua/projects/matg/data/HumanEvalJava/candor_initialize_1/src/main/java/original/id_117.java (59/160)
2025-05-26 18:58:10,422   INFO : Test file already exists at /home/qinghua/projects/matg/data/HumanEvalJava/candor_initialize_1/src/test/java/original/id_117Test.java
2025-05-26 18:58:10,422   INFO : 

 Processing file: /home/qinghua/projects/matg/data/HumanEvalJava/candor_initialize_1/src/main/java/original/id_67.java (60/160)
2025-05-26 18:58:10,422   INFO : Test file already exists at /home/qinghua/projects/matg/data/HumanEvalJava/candor_initialize_1/src/test/java/original/id_67Test.java
2025-05-26 18:58:10,422   INFO : 

 Processing file: /home/qinghua/projects/matg/data/HumanEvalJava/candor_initialize_1/src/main/java/original/id_66.java (61/160)
2025-05-26 18:58:10,422   INFO : Test file already exists at /home/qinghua/projects/matg/data/HumanEvalJava/candor_initialize_1/src/test/java/original/id_66Test.java
2025-05-26 18:58:10,422   INFO : 

 Processing file: /home/qinghua/projects/matg/data/HumanEvalJava/candor_initialize_1/src/main/java/original/id_41.java (62/160)
2025-05-26 18:58:10,422   INFO : Test file already exists at /home/qinghua/projects/matg/data/HumanEvalJava/candor_initialize_1/src/test/java/original/id_41Test.java
2025-05-26 18:58:10,422   INFO : 

 Processing file: /home/qinghua/projects/matg/data/HumanEvalJava/candor_initialize_1/src/main/java/original/id_29.java (63/160)
2025-05-26 18:58:10,422   INFO : Test file already exists at /home/qinghua/projects/matg/data/HumanEvalJava/candor_initialize_1/src/test/java/original/id_29Test.java
2025-05-26 18:58:10,422   INFO : 

 Processing file: /home/qinghua/projects/matg/data/HumanEvalJava/candor_initialize_1/src/main/java/original/id_78.java (64/160)
2025-05-26 18:58:10,422   INFO : Test file already exists at /home/qinghua/projects/matg/data/HumanEvalJava/candor_initialize_1/src/test/java/original/id_78Test.java
2025-05-26 18:58:10,422   INFO : 

 Processing file: /home/qinghua/projects/matg/data/HumanEvalJava/candor_initialize_1/src/main/java/original/id_98.java (65/160)
2025-05-26 18:58:10,422   INFO : Test file already exists at /home/qinghua/projects/matg/data/HumanEvalJava/candor_initialize_1/src/test/java/original/id_98Test.java
2025-05-26 18:58:10,422   INFO : 

 Processing file: /home/qinghua/projects/matg/data/HumanEvalJava/candor_initialize_1/src/main/java/original/id_108.java (66/160)
2025-05-26 18:58:10,422   INFO : Test file already exists at /home/qinghua/projects/matg/data/HumanEvalJava/candor_initialize_1/src/test/java/original/id_108Test.java
2025-05-26 18:58:10,422   INFO : 

 Processing file: /home/qinghua/projects/matg/data/HumanEvalJava/candor_initialize_1/src/main/java/original/id_27.java (67/160)
2025-05-26 18:58:10,422   INFO : Test file already exists at /home/qinghua/projects/matg/data/HumanEvalJava/candor_initialize_1/src/test/java/original/id_27Test.java
2025-05-26 18:58:10,422   INFO : 

 Processing file: /home/qinghua/projects/matg/data/HumanEvalJava/candor_initialize_1/src/main/java/original/id_82.java (68/160)
2025-05-26 18:58:10,422   INFO : Test file already exists at /home/qinghua/projects/matg/data/HumanEvalJava/candor_initialize_1/src/test/java/original/id_82Test.java
2025-05-26 18:58:10,422   INFO : 

 Processing file: /home/qinghua/projects/matg/data/HumanEvalJava/candor_initialize_1/src/main/java/original/id_143.java (69/160)
2025-05-26 18:58:10,422   INFO : Test file already exists at /home/qinghua/projects/matg/data/HumanEvalJava/candor_initialize_1/src/test/java/original/id_143Test.java
2025-05-26 18:58:10,422   INFO : 

 Processing file: /home/qinghua/projects/matg/data/HumanEvalJava/candor_initialize_1/src/main/java/original/id_60.java (70/160)
2025-05-26 18:58:10,422   INFO : Test file already exists at /home/qinghua/projects/matg/data/HumanEvalJava/candor_initialize_1/src/test/java/original/id_60Test.java
2025-05-26 18:58:10,422   INFO : 

 Processing file: /home/qinghua/projects/matg/data/HumanEvalJava/candor_initialize_1/src/main/java/original/id_128.java (71/160)
2025-05-26 18:58:10,422   INFO : Test file already exists at /home/qinghua/projects/matg/data/HumanEvalJava/candor_initialize_1/src/test/java/original/id_128Test.java
2025-05-26 18:58:10,422   INFO : 

 Processing file: /home/qinghua/projects/matg/data/HumanEvalJava/candor_initialize_1/src/main/java/original/id_105.java (72/160)
2025-05-26 18:58:10,422   INFO : Test file already exists at /home/qinghua/projects/matg/data/HumanEvalJava/candor_initialize_1/src/test/java/original/id_105Test.java
2025-05-26 18:58:10,422   INFO : 

 Processing file: /home/qinghua/projects/matg/data/HumanEvalJava/candor_initialize_1/src/main/java/original/id_121.java (73/160)
2025-05-26 18:58:10,422   INFO : Test file already exists at /home/qinghua/projects/matg/data/HumanEvalJava/candor_initialize_1/src/test/java/original/id_121Test.java
2025-05-26 18:58:10,422   INFO : 

 Processing file: /home/qinghua/projects/matg/data/HumanEvalJava/candor_initialize_1/src/main/java/original/id_137.java (74/160)
2025-05-26 18:58:10,422   INFO : Test file already exists at /home/qinghua/projects/matg/data/HumanEvalJava/candor_initialize_1/src/test/java/original/id_137Test.java
2025-05-26 18:58:10,422   INFO : 

 Processing file: /home/qinghua/projects/matg/data/HumanEvalJava/candor_initialize_1/src/main/java/original/id_12.java (75/160)
2025-05-26 18:58:10,422   INFO : Test file already exists at /home/qinghua/projects/matg/data/HumanEvalJava/candor_initialize_1/src/test/java/original/id_12Test.java
2025-05-26 18:58:10,422   INFO : 

 Processing file: /home/qinghua/projects/matg/data/HumanEvalJava/candor_initialize_1/src/main/java/original/id_134.java (76/160)
2025-05-26 18:58:10,422   INFO : Test file already exists at /home/qinghua/projects/matg/data/HumanEvalJava/candor_initialize_1/src/test/java/original/id_134Test.java
2025-05-26 18:58:10,422   INFO : 

 Processing file: /home/qinghua/projects/matg/data/HumanEvalJava/candor_initialize_1/src/main/java/original/id_94.java (77/160)
2025-05-26 18:58:10,422   INFO : Test file already exists at /home/qinghua/projects/matg/data/HumanEvalJava/candor_initialize_1/src/test/java/original/id_94Test.java
2025-05-26 18:58:10,422   INFO : 

 Processing file: /home/qinghua/projects/matg/data/HumanEvalJava/candor_initialize_1/src/main/java/original/id_90.java (78/160)
2025-05-26 18:58:10,422   INFO : Test file already exists at /home/qinghua/projects/matg/data/HumanEvalJava/candor_initialize_1/src/test/java/original/id_90Test.java
2025-05-26 18:58:10,422   INFO : 

 Processing file: /home/qinghua/projects/matg/data/HumanEvalJava/candor_initialize_1/src/main/java/original/id_58.java (79/160)
2025-05-26 18:58:10,422   INFO : Test file already exists at /home/qinghua/projects/matg/data/HumanEvalJava/candor_initialize_1/src/test/java/original/id_58Test.java
2025-05-26 18:58:10,422   INFO : 

 Processing file: /home/qinghua/projects/matg/data/HumanEvalJava/candor_initialize_1/src/main/java/original/id_148.java (80/160)
2025-05-26 18:58:10,422   INFO : Test file already exists at /home/qinghua/projects/matg/data/HumanEvalJava/candor_initialize_1/src/test/java/original/id_148Test.java
2025-05-26 18:58:10,422   INFO : 

 Processing file: /home/qinghua/projects/matg/data/HumanEvalJava/candor_initialize_1/src/main/java/original/id_157.java (81/160)
2025-05-26 18:58:10,423   INFO : Test file already exists at /home/qinghua/projects/matg/data/HumanEvalJava/candor_initialize_1/src/test/java/original/id_157Test.java
2025-05-26 18:58:10,423   INFO : 

 Processing file: /home/qinghua/projects/matg/data/HumanEvalJava/candor_initialize_1/src/main/java/original/id_17.java (82/160)
2025-05-26 18:58:10,423   INFO : Test file already exists at /home/qinghua/projects/matg/data/HumanEvalJava/candor_initialize_1/src/test/java/original/id_17Test.java
2025-05-26 18:58:10,423   INFO : 

 Processing file: /home/qinghua/projects/matg/data/HumanEvalJava/candor_initialize_1/src/main/java/original/id_57.java (83/160)
2025-05-26 18:58:10,423   INFO : Test file already exists at /home/qinghua/projects/matg/data/HumanEvalJava/candor_initialize_1/src/test/java/original/id_57Test.java
2025-05-26 18:58:10,423   INFO : 

 Processing file: /home/qinghua/projects/matg/data/HumanEvalJava/candor_initialize_1/src/main/java/original/id_70.java (84/160)
2025-05-26 18:58:10,423   INFO : Test file already exists at /home/qinghua/projects/matg/data/HumanEvalJava/candor_initialize_1/src/test/java/original/id_70Test.java
2025-05-26 18:58:10,423   INFO : 

 Processing file: /home/qinghua/projects/matg/data/HumanEvalJava/candor_initialize_1/src/main/java/original/id_51.java (85/160)
2025-05-26 18:58:10,423   INFO : Test file already exists at /home/qinghua/projects/matg/data/HumanEvalJava/candor_initialize_1/src/test/java/original/id_51Test.java
2025-05-26 18:58:10,423   INFO : 

 Processing file: /home/qinghua/projects/matg/data/HumanEvalJava/candor_initialize_1/src/main/java/original/id_20.java (86/160)
2025-05-26 18:58:10,423   INFO : Test file already exists at /home/qinghua/projects/matg/data/HumanEvalJava/candor_initialize_1/src/test/java/original/id_20Test.java
2025-05-26 18:58:10,423   INFO : 

 Processing file: /home/qinghua/projects/matg/data/HumanEvalJava/candor_initialize_1/src/main/java/original/id_91.java (87/160)
2025-05-26 18:58:10,423   INFO : Test file already exists at /home/qinghua/projects/matg/data/HumanEvalJava/candor_initialize_1/src/test/java/original/id_91Test.java
2025-05-26 18:58:10,423   INFO : 

 Processing file: /home/qinghua/projects/matg/data/HumanEvalJava/candor_initialize_1/src/main/java/original/id_21.java (88/160)
2025-05-26 18:58:10,423   INFO : Test file already exists at /home/qinghua/projects/matg/data/HumanEvalJava/candor_initialize_1/src/test/java/original/id_21Test.java
2025-05-26 18:58:10,423   INFO : 

 Processing file: /home/qinghua/projects/matg/data/HumanEvalJava/candor_initialize_1/src/main/java/original/id_126.java (89/160)
2025-05-26 18:58:10,423   INFO : Test file already exists at /home/qinghua/projects/matg/data/HumanEvalJava/candor_initialize_1/src/test/java/original/id_126Test.java
2025-05-26 18:58:10,423   INFO : 

 Processing file: /home/qinghua/projects/matg/data/HumanEvalJava/candor_initialize_1/src/main/java/original/id_97.java (90/160)
2025-05-26 18:58:10,423   INFO : Test file already exists at /home/qinghua/projects/matg/data/HumanEvalJava/candor_initialize_1/src/test/java/original/id_97Test.java
2025-05-26 18:58:10,423   INFO : 

 Processing file: /home/qinghua/projects/matg/data/HumanEvalJava/candor_initialize_1/src/main/java/original/id_159.java (91/160)
2025-05-26 18:58:10,423   INFO : Test file already exists at /home/qinghua/projects/matg/data/HumanEvalJava/candor_initialize_1/src/test/java/original/id_159Test.java
2025-05-26 18:58:10,423   INFO : 

 Processing file: /home/qinghua/projects/matg/data/HumanEvalJava/candor_initialize_1/src/main/java/original/id_104.java (92/160)
2025-05-26 18:58:10,423   INFO : Test file already exists at /home/qinghua/projects/matg/data/HumanEvalJava/candor_initialize_1/src/test/java/original/id_104Test.java
2025-05-26 18:58:10,423   INFO : 

 Processing file: /home/qinghua/projects/matg/data/HumanEvalJava/candor_initialize_1/src/main/java/original/id_163.java (93/160)
2025-05-26 18:58:10,423   INFO : Test file already exists at /home/qinghua/projects/matg/data/HumanEvalJava/candor_initialize_1/src/test/java/original/id_163Test.java
2025-05-26 18:58:10,423   INFO : 

 Processing file: /home/qinghua/projects/matg/data/HumanEvalJava/candor_initialize_1/src/main/java/original/id_131.java (94/160)
2025-05-26 18:58:10,423   INFO : Test file already exists at /home/qinghua/projects/matg/data/HumanEvalJava/candor_initialize_1/src/test/java/original/id_131Test.java
2025-05-26 18:58:10,423   INFO : 

 Processing file: /home/qinghua/projects/matg/data/HumanEvalJava/candor_initialize_1/src/main/java/original/id_37.java (95/160)
2025-05-26 18:58:10,423   INFO : Test file already exists at /home/qinghua/projects/matg/data/HumanEvalJava/candor_initialize_1/src/test/java/original/id_37Test.java
2025-05-26 18:58:10,423   INFO : 

 Processing file: /home/qinghua/projects/matg/data/HumanEvalJava/candor_initialize_1/src/main/java/original/id_161.java (96/160)
2025-05-26 18:58:10,423   INFO : Test file already exists at /home/qinghua/projects/matg/data/HumanEvalJava/candor_initialize_1/src/test/java/original/id_161Test.java
2025-05-26 18:58:10,423   INFO : 

 Processing file: /home/qinghua/projects/matg/data/HumanEvalJava/candor_initialize_1/src/main/java/original/id_26.java (97/160)
2025-05-26 18:58:10,423   INFO : Test file already exists at /home/qinghua/projects/matg/data/HumanEvalJava/candor_initialize_1/src/test/java/original/id_26Test.java
2025-05-26 18:58:10,423   INFO : 

 Processing file: /home/qinghua/projects/matg/data/HumanEvalJava/candor_initialize_1/src/main/java/original/id_100.java (98/160)
2025-05-26 18:58:10,423   INFO : Test file already exists at /home/qinghua/projects/matg/data/HumanEvalJava/candor_initialize_1/src/test/java/original/id_100Test.java
2025-05-26 18:58:10,423   INFO : 

 Processing file: /home/qinghua/projects/matg/data/HumanEvalJava/candor_initialize_1/src/main/java/original/id_118.java (99/160)
2025-05-26 18:58:10,423   INFO : Test file already exists at /home/qinghua/projects/matg/data/HumanEvalJava/candor_initialize_1/src/test/java/original/id_118Test.java
2025-05-26 18:58:10,423   INFO : 

 Processing file: /home/qinghua/projects/matg/data/HumanEvalJava/candor_initialize_1/src/main/java/original/id_4.java (100/160)
2025-05-26 18:58:10,423   INFO : Test file already exists at /home/qinghua/projects/matg/data/HumanEvalJava/candor_initialize_1/src/test/java/original/id_4Test.java
2025-05-26 18:58:10,423   INFO : 

 Processing file: /home/qinghua/projects/matg/data/HumanEvalJava/candor_initialize_1/src/main/java/original/id_6.java (101/160)
2025-05-26 18:58:10,423   INFO : Test file already exists at /home/qinghua/projects/matg/data/HumanEvalJava/candor_initialize_1/src/test/java/original/id_6Test.java
2025-05-26 18:58:10,423   INFO : 

 Processing file: /home/qinghua/projects/matg/data/HumanEvalJava/candor_initialize_1/src/main/java/original/id_114.java (102/160)
2025-05-26 18:58:10,423   INFO : Test file already exists at /home/qinghua/projects/matg/data/HumanEvalJava/candor_initialize_1/src/test/java/original/id_114Test.java
2025-05-26 18:58:10,423   INFO : 

 Processing file: /home/qinghua/projects/matg/data/HumanEvalJava/candor_initialize_1/src/main/java/original/id_147.java (103/160)
2025-05-26 18:58:10,423   INFO : Test file already exists at /home/qinghua/projects/matg/data/HumanEvalJava/candor_initialize_1/src/test/java/original/id_147Test.java
2025-05-26 18:58:10,423   INFO : 

 Processing file: /home/qinghua/projects/matg/data/HumanEvalJava/candor_initialize_1/src/main/java/original/id_43.java (104/160)
2025-05-26 18:58:10,423   INFO : Test file already exists at /home/qinghua/projects/matg/data/HumanEvalJava/candor_initialize_1/src/test/java/original/id_43Test.java
2025-05-26 18:58:10,423   INFO : 

 Processing file: /home/qinghua/projects/matg/data/HumanEvalJava/candor_initialize_1/src/main/java/original/id_162.java (105/160)
2025-05-26 18:58:10,423   INFO : Test file already exists at /home/qinghua/projects/matg/data/HumanEvalJava/candor_initialize_1/src/test/java/original/id_162Test.java
2025-05-26 18:58:10,423   INFO : 

 Processing file: /home/qinghua/projects/matg/data/HumanEvalJava/candor_initialize_1/src/main/java/original/id_122.java (106/160)
2025-05-26 18:58:10,423   INFO : Test file already exists at /home/qinghua/projects/matg/data/HumanEvalJava/candor_initialize_1/src/test/java/original/id_122Test.java
2025-05-26 18:58:10,423   INFO : 

 Processing file: /home/qinghua/projects/matg/data/HumanEvalJava/candor_initialize_1/src/main/java/original/id_47.java (107/160)
2025-05-26 18:58:10,423   INFO : Test file already exists at /home/qinghua/projects/matg/data/HumanEvalJava/candor_initialize_1/src/test/java/original/id_47Test.java
2025-05-26 18:58:10,423   INFO : 

 Processing file: /home/qinghua/projects/matg/data/HumanEvalJava/candor_initialize_1/src/main/java/original/id_40.java (108/160)
2025-05-26 18:58:10,423   INFO : Test file already exists at /home/qinghua/projects/matg/data/HumanEvalJava/candor_initialize_1/src/test/java/original/id_40Test.java
2025-05-26 18:58:10,423   INFO : 

 Processing file: /home/qinghua/projects/matg/data/HumanEvalJava/candor_initialize_1/src/main/java/original/id_115.java (109/160)
2025-05-26 18:58:10,423   INFO : Test file already exists at /home/qinghua/projects/matg/data/HumanEvalJava/candor_initialize_1/src/test/java/original/id_115Test.java
2025-05-26 18:58:10,423   INFO : 

 Processing file: /home/qinghua/projects/matg/data/HumanEvalJava/candor_initialize_1/src/main/java/original/id_152.java (110/160)
2025-05-26 18:58:10,423   INFO : Test file already exists at /home/qinghua/projects/matg/data/HumanEvalJava/candor_initialize_1/src/test/java/original/id_152Test.java
2025-05-26 18:58:10,423   INFO : 

 Processing file: /home/qinghua/projects/matg/data/HumanEvalJava/candor_initialize_1/src/main/java/original/id_2.java (111/160)
2025-05-26 18:58:10,423   INFO : Test file already exists at /home/qinghua/projects/matg/data/HumanEvalJava/candor_initialize_1/src/test/java/original/id_2Test.java
2025-05-26 18:58:10,423   INFO : 

 Processing file: /home/qinghua/projects/matg/data/HumanEvalJava/candor_initialize_1/src/main/java/original/id_101.java (112/160)
2025-05-26 18:58:10,423   INFO : Test file already exists at /home/qinghua/projects/matg/data/HumanEvalJava/candor_initialize_1/src/test/java/original/id_101Test.java
2025-05-26 18:58:10,423   INFO : 

 Processing file: /home/qinghua/projects/matg/data/HumanEvalJava/candor_initialize_1/src/main/java/original/id_106.java (113/160)
2025-05-26 18:58:10,423   INFO : Test file already exists at /home/qinghua/projects/matg/data/HumanEvalJava/candor_initialize_1/src/test/java/original/id_106Test.java
2025-05-26 18:58:10,423   INFO : 

 Processing file: /home/qinghua/projects/matg/data/HumanEvalJava/candor_initialize_1/src/main/java/original/id_138.java (114/160)
2025-05-26 18:58:10,423   INFO : Test file already exists at /home/qinghua/projects/matg/data/HumanEvalJava/candor_initialize_1/src/test/java/original/id_138Test.java
2025-05-26 18:58:10,423   INFO : 

 Processing file: /home/qinghua/projects/matg/data/HumanEvalJava/candor_initialize_1/src/main/java/original/id_127.java (115/160)
2025-05-26 18:58:10,423   INFO : Test file already exists at /home/qinghua/projects/matg/data/HumanEvalJava/candor_initialize_1/src/test/java/original/id_127Test.java
2025-05-26 18:58:10,423   INFO : 

 Processing file: /home/qinghua/projects/matg/data/HumanEvalJava/candor_initialize_1/src/main/java/original/id_25.java (116/160)
2025-05-26 18:58:10,423   INFO : Test file already exists at /home/qinghua/projects/matg/data/HumanEvalJava/candor_initialize_1/src/test/java/original/id_25Test.java
2025-05-26 18:58:10,423   INFO : 

 Processing file: /home/qinghua/projects/matg/data/HumanEvalJava/candor_initialize_1/src/main/java/original/id_52.java (117/160)
2025-05-26 18:58:10,423   INFO : Test file already exists at /home/qinghua/projects/matg/data/HumanEvalJava/candor_initialize_1/src/test/java/original/id_52Test.java
2025-05-26 18:58:10,423   INFO : 

 Processing file: /home/qinghua/projects/matg/data/HumanEvalJava/candor_initialize_1/src/main/java/original/id_63.java (118/160)
2025-05-26 18:58:10,423   INFO : Test file already exists at /home/qinghua/projects/matg/data/HumanEvalJava/candor_initialize_1/src/test/java/original/id_63Test.java
2025-05-26 18:58:10,423   INFO : 

 Processing file: /home/qinghua/projects/matg/data/HumanEvalJava/candor_initialize_1/src/main/java/original/id_44.java (119/160)
2025-05-26 18:58:10,423   INFO : Test file already exists at /home/qinghua/projects/matg/data/HumanEvalJava/candor_initialize_1/src/test/java/original/id_44Test.java
2025-05-26 18:58:10,423   INFO : 

 Processing file: /home/qinghua/projects/matg/data/HumanEvalJava/candor_initialize_1/src/main/java/original/id_103.java (120/160)
2025-05-26 18:58:10,423   INFO : Test file already exists at /home/qinghua/projects/matg/data/HumanEvalJava/candor_initialize_1/src/test/java/original/id_103Test.java
2025-05-26 18:58:10,423   INFO : 

 Processing file: /home/qinghua/projects/matg/data/HumanEvalJava/candor_initialize_1/src/main/java/original/id_86.java (121/160)
2025-05-26 18:58:10,423   INFO : Test file already exists at /home/qinghua/projects/matg/data/HumanEvalJava/candor_initialize_1/src/test/java/original/id_86Test.java
2025-05-26 18:58:10,423   INFO : 

 Processing file: /home/qinghua/projects/matg/data/HumanEvalJava/candor_initialize_1/src/main/java/original/id_35.java (122/160)
2025-05-26 18:58:10,423   INFO : Test file already exists at /home/qinghua/projects/matg/data/HumanEvalJava/candor_initialize_1/src/test/java/original/id_35Test.java
2025-05-26 18:58:10,423   INFO : 

 Processing file: /home/qinghua/projects/matg/data/HumanEvalJava/candor_initialize_1/src/main/java/original/id_46.java (123/160)
2025-05-26 18:58:10,423   INFO : Test file already exists at /home/qinghua/projects/matg/data/HumanEvalJava/candor_initialize_1/src/test/java/original/id_46Test.java
2025-05-26 18:58:10,423   INFO : 

 Processing file: /home/qinghua/projects/matg/data/HumanEvalJava/candor_initialize_1/src/main/java/original/id_54.java (124/160)
2025-05-26 18:58:10,423   INFO : Test file already exists at /home/qinghua/projects/matg/data/HumanEvalJava/candor_initialize_1/src/test/java/original/id_54Test.java
2025-05-26 18:58:10,423   INFO : 

 Processing file: /home/qinghua/projects/matg/data/HumanEvalJava/candor_initialize_1/src/main/java/original/id_65.java (125/160)
2025-05-26 18:58:10,423   INFO : Test file already exists at /home/qinghua/projects/matg/data/HumanEvalJava/candor_initialize_1/src/test/java/original/id_65Test.java
2025-05-26 18:58:10,423   INFO : 

 Processing file: /home/qinghua/projects/matg/data/HumanEvalJava/candor_initialize_1/src/main/java/original/id_96.java (126/160)
2025-05-26 18:58:10,423   INFO : Test file already exists at /home/qinghua/projects/matg/data/HumanEvalJava/candor_initialize_1/src/test/java/original/id_96Test.java
2025-05-26 18:58:10,423   INFO : 

 Processing file: /home/qinghua/projects/matg/data/HumanEvalJava/candor_initialize_1/src/main/java/original/id_149.java (127/160)
2025-05-26 18:58:10,423   INFO : Test file already exists at /home/qinghua/projects/matg/data/HumanEvalJava/candor_initialize_1/src/test/java/original/id_149Test.java
2025-05-26 18:58:10,423   INFO : 

 Processing file: /home/qinghua/projects/matg/data/HumanEvalJava/candor_initialize_1/src/main/java/original/id_56.java (128/160)
2025-05-26 18:58:10,423   INFO : Test file already exists at /home/qinghua/projects/matg/data/HumanEvalJava/candor_initialize_1/src/test/java/original/id_56Test.java
2025-05-26 18:58:10,423   INFO : 

 Processing file: /home/qinghua/projects/matg/data/HumanEvalJava/candor_initialize_1/src/main/java/original/id_145.java (129/160)
2025-05-26 18:58:10,424   INFO : Test file already exists at /home/qinghua/projects/matg/data/HumanEvalJava/candor_initialize_1/src/test/java/original/id_145Test.java
2025-05-26 18:58:10,424   INFO : 

 Processing file: /home/qinghua/projects/matg/data/HumanEvalJava/candor_initialize_1/src/main/java/original/id_64.java (130/160)
2025-05-26 18:58:10,424   INFO : Test file already exists at /home/qinghua/projects/matg/data/HumanEvalJava/candor_initialize_1/src/test/java/original/id_64Test.java
2025-05-26 18:58:10,424   INFO : 

 Processing file: /home/qinghua/projects/matg/data/HumanEvalJava/candor_initialize_1/src/main/java/original/id_7.java (131/160)
2025-05-26 18:58:10,424   INFO : Test file already exists at /home/qinghua/projects/matg/data/HumanEvalJava/candor_initialize_1/src/test/java/original/id_7Test.java
2025-05-26 18:58:10,424   INFO : 

 Processing file: /home/qinghua/projects/matg/data/HumanEvalJava/candor_initialize_1/src/main/java/original/id_45.java (132/160)
2025-05-26 18:58:10,424   INFO : Test file already exists at /home/qinghua/projects/matg/data/HumanEvalJava/candor_initialize_1/src/test/java/original/id_45Test.java
2025-05-26 18:58:10,424   INFO : 

 Processing file: /home/qinghua/projects/matg/data/HumanEvalJava/candor_initialize_1/src/main/java/original/id_22.java (133/160)
2025-05-26 18:58:10,424   INFO : Test file already exists at /home/qinghua/projects/matg/data/HumanEvalJava/candor_initialize_1/src/test/java/original/id_22Test.java
2025-05-26 18:58:10,424   INFO : 

 Processing file: /home/qinghua/projects/matg/data/HumanEvalJava/candor_initialize_1/src/main/java/original/id_110.java (134/160)
2025-05-26 18:58:10,424   INFO : Test file already exists at /home/qinghua/projects/matg/data/HumanEvalJava/candor_initialize_1/src/test/java/original/id_110Test.java
2025-05-26 18:58:10,424   INFO : 

 Processing file: /home/qinghua/projects/matg/data/HumanEvalJava/candor_initialize_1/src/main/java/original/id_89.java (135/160)
2025-05-26 18:58:10,424   INFO : Test file already exists at /home/qinghua/projects/matg/data/HumanEvalJava/candor_initialize_1/src/test/java/original/id_89Test.java
2025-05-26 18:58:10,424   INFO : 

 Processing file: /home/qinghua/projects/matg/data/HumanEvalJava/candor_initialize_1/src/main/java/original/id_155.java (136/160)
2025-05-26 18:58:10,424   INFO : Test file already exists at /home/qinghua/projects/matg/data/HumanEvalJava/candor_initialize_1/src/test/java/original/id_155Test.java
2025-05-26 18:58:10,424   INFO : 

 Processing file: /home/qinghua/projects/matg/data/HumanEvalJava/candor_initialize_1/src/main/java/original/id_87.java (137/160)
2025-05-26 18:58:10,424   INFO : Test file already exists at /home/qinghua/projects/matg/data/HumanEvalJava/candor_initialize_1/src/test/java/original/id_87Test.java
2025-05-26 18:58:10,424   INFO : 

 Processing file: /home/qinghua/projects/matg/data/HumanEvalJava/candor_initialize_1/src/main/java/original/id_113.java (138/160)
2025-05-26 18:58:10,424   INFO : Test file already exists at /home/qinghua/projects/matg/data/HumanEvalJava/candor_initialize_1/src/test/java/original/id_113Test.java
2025-05-26 18:58:10,424   INFO : 

 Processing file: /home/qinghua/projects/matg/data/HumanEvalJava/candor_initialize_1/src/main/java/original/id_68.java (139/160)
2025-05-26 18:58:10,424   INFO : Test file already exists at /home/qinghua/projects/matg/data/HumanEvalJava/candor_initialize_1/src/test/java/original/id_68Test.java
2025-05-26 18:58:10,424   INFO : 

 Processing file: /home/qinghua/projects/matg/data/HumanEvalJava/candor_initialize_1/src/main/java/original/id_129.java (140/160)
2025-05-26 18:58:10,424   INFO : Test file already exists at /home/qinghua/projects/matg/data/HumanEvalJava/candor_initialize_1/src/test/java/original/id_129Test.java
2025-05-26 18:58:10,424   INFO : 

 Processing file: /home/qinghua/projects/matg/data/HumanEvalJava/candor_initialize_1/src/main/java/original/id_77.java (141/160)
2025-05-26 18:58:10,424   INFO : Test file already exists at /home/qinghua/projects/matg/data/HumanEvalJava/candor_initialize_1/src/test/java/original/id_77Test.java
2025-05-26 18:58:10,424   INFO : 

 Processing file: /home/qinghua/projects/matg/data/HumanEvalJava/candor_initialize_1/src/main/java/original/id_61.java (142/160)
2025-05-26 18:58:10,424   INFO : Test file already exists at /home/qinghua/projects/matg/data/HumanEvalJava/candor_initialize_1/src/test/java/original/id_61Test.java
2025-05-26 18:58:10,424   INFO : 

 Processing file: /home/qinghua/projects/matg/data/HumanEvalJava/candor_initialize_1/src/main/java/original/id_156.java (143/160)
2025-05-26 18:58:10,424   INFO : Test file already exists at /home/qinghua/projects/matg/data/HumanEvalJava/candor_initialize_1/src/test/java/original/id_156Test.java
2025-05-26 18:58:10,424   INFO : 

 Processing file: /home/qinghua/projects/matg/data/HumanEvalJava/candor_initialize_1/src/main/java/original/id_75.java (144/160)
2025-05-26 18:58:10,424   INFO : Test file already exists at /home/qinghua/projects/matg/data/HumanEvalJava/candor_initialize_1/src/test/java/original/id_75Test.java
2025-05-26 18:58:10,424   INFO : 

 Processing file: /home/qinghua/projects/matg/data/HumanEvalJava/candor_initialize_1/src/main/java/original/id_13.java (145/160)
2025-05-26 18:58:10,424   INFO : Test file already exists at /home/qinghua/projects/matg/data/HumanEvalJava/candor_initialize_1/src/test/java/original/id_13Test.java
2025-05-26 18:58:10,424   INFO : 

 Processing file: /home/qinghua/projects/matg/data/HumanEvalJava/candor_initialize_1/src/main/java/original/id_107.java (146/160)
2025-05-26 18:58:10,424   INFO : Test file already exists at /home/qinghua/projects/matg/data/HumanEvalJava/candor_initialize_1/src/test/java/original/id_107Test.java
2025-05-26 18:58:10,424   INFO : 

 Processing file: /home/qinghua/projects/matg/data/HumanEvalJava/candor_initialize_1/src/main/java/original/id_24.java (147/160)
2025-05-26 18:58:10,424   INFO : Test file already exists at /home/qinghua/projects/matg/data/HumanEvalJava/candor_initialize_1/src/test/java/original/id_24Test.java
2025-05-26 18:58:10,424   INFO : 

 Processing file: /home/qinghua/projects/matg/data/HumanEvalJava/candor_initialize_1/src/main/java/original/id_141.java (148/160)
2025-05-26 18:58:10,424   INFO : Test file already exists at /home/qinghua/projects/matg/data/HumanEvalJava/candor_initialize_1/src/test/java/original/id_141Test.java
2025-05-26 18:58:10,424   INFO : 

 Processing file: /home/qinghua/projects/matg/data/HumanEvalJava/candor_initialize_1/src/main/java/original/id_5.java (149/160)
2025-05-26 18:58:10,424   INFO : Test file already exists at /home/qinghua/projects/matg/data/HumanEvalJava/candor_initialize_1/src/test/java/original/id_5Test.java
2025-05-26 18:58:10,424   INFO : 

 Processing file: /home/qinghua/projects/matg/data/HumanEvalJava/candor_initialize_1/src/main/java/original/id_55.java (150/160)
2025-05-26 18:58:10,424   INFO : Test file already exists at /home/qinghua/projects/matg/data/HumanEvalJava/candor_initialize_1/src/test/java/original/id_55Test.java
2025-05-26 18:58:10,424   INFO : 

 Processing file: /home/qinghua/projects/matg/data/HumanEvalJava/candor_initialize_1/src/main/java/original/id_36.java (151/160)
2025-05-26 18:58:10,424   INFO : Test file already exists at /home/qinghua/projects/matg/data/HumanEvalJava/candor_initialize_1/src/test/java/original/id_36Test.java
2025-05-26 18:58:10,424   INFO : 

 Processing file: /home/qinghua/projects/matg/data/HumanEvalJava/candor_initialize_1/src/main/java/original/id_14.java (152/160)
2025-05-26 18:58:10,424   INFO : Test file already exists at /home/qinghua/projects/matg/data/HumanEvalJava/candor_initialize_1/src/test/java/original/id_14Test.java
2025-05-26 18:58:10,424   INFO : 

 Processing file: /home/qinghua/projects/matg/data/HumanEvalJava/candor_initialize_1/src/main/java/original/id_124.java (153/160)
2025-05-26 18:58:10,424   INFO : Test file already exists at /home/qinghua/projects/matg/data/HumanEvalJava/candor_initialize_1/src/test/java/original/id_124Test.java
2025-05-26 18:58:10,424   INFO : 

 Processing file: /home/qinghua/projects/matg/data/HumanEvalJava/candor_initialize_1/src/main/java/original/id_142.java (154/160)
2025-05-26 18:58:10,424   INFO : Test file already exists at /home/qinghua/projects/matg/data/HumanEvalJava/candor_initialize_1/src/test/java/original/id_142Test.java
2025-05-26 18:58:10,424   INFO : 

 Processing file: /home/qinghua/projects/matg/data/HumanEvalJava/candor_initialize_1/src/main/java/original/id_59.java (155/160)
2025-05-26 18:58:10,424   INFO : Test file already exists at /home/qinghua/projects/matg/data/HumanEvalJava/candor_initialize_1/src/test/java/original/id_59Test.java
2025-05-26 18:58:10,424   INFO : 

 Processing file: /home/qinghua/projects/matg/data/HumanEvalJava/candor_initialize_1/src/main/java/original/id_62.java (156/160)
2025-05-26 18:58:10,424   INFO : Test file already exists at /home/qinghua/projects/matg/data/HumanEvalJava/candor_initialize_1/src/test/java/original/id_62Test.java
2025-05-26 18:58:10,424   INFO : 

 Processing file: /home/qinghua/projects/matg/data/HumanEvalJava/candor_initialize_1/src/main/java/original/id_151.java (157/160)
2025-05-26 18:58:10,424   INFO : Test file already exists at /home/qinghua/projects/matg/data/HumanEvalJava/candor_initialize_1/src/test/java/original/id_151Test.java
2025-05-26 18:58:10,424   INFO : 

 Processing file: /home/qinghua/projects/matg/data/HumanEvalJava/candor_initialize_1/src/main/java/original/id_30.java (158/160)
2025-05-26 18:58:10,424   INFO : Test file already exists at /home/qinghua/projects/matg/data/HumanEvalJava/candor_initialize_1/src/test/java/original/id_30Test.java
2025-05-26 18:58:10,424   INFO : 

 Processing file: /home/qinghua/projects/matg/data/HumanEvalJava/candor_initialize_1/src/main/java/original/id_69.java (159/160)
2025-05-26 18:58:11.305276: I tensorflow/core/util/port.cc:153] oneDNN custom operations are on. You may see slightly different numerical results due to floating-point round-off errors from different computation orders. To turn them off, set the environment variable `TF_ENABLE_ONEDNN_OPTS=0`.
2025-05-26 18:58:11.316891: E external/local_xla/xla/stream_executor/cuda/cuda_fft.cc:467] Unable to register cuFFT factory: Attempting to register factory for plugin cuFFT when one has already been registered
WARNING: All log messages before absl::InitializeLog() is called are written to STDERR
E0000 00:00:1748282291.329848   75572 cuda_dnn.cc:8579] Unable to register cuDNN factory: Attempting to register factory for plugin cuDNN when one has already been registered
E0000 00:00:1748282291.333321   75572 cuda_blas.cc:1407] Unable to register cuBLAS factory: Attempting to register factory for plugin cuBLAS when one has already been registered
W0000 00:00:1748282291.342891   75572 computation_placer.cc:177] computation placer already registered. Please check linkage and avoid linking the same target more than once.
W0000 00:00:1748282291.342914   75572 computation_placer.cc:177] computation placer already registered. Please check linkage and avoid linking the same target more than once.
W0000 00:00:1748282291.342916   75572 computation_placer.cc:177] computation placer already registered. Please check linkage and avoid linking the same target more than once.
W0000 00:00:1748282291.342917   75572 computation_placer.cc:177] computation placer already registered. Please check linkage and avoid linking the same target more than once.
2025-05-26 18:58:11.345672: I tensorflow/core/platform/cpu_feature_guard.cc:210] This TensorFlow binary is optimized to use available CPU instructions in performance-critical operations.
To enable the following instructions: AVX2 AVX512F AVX512_VNNI AVX512_BF16 AVX512_FP16 AVX_VNNI AMX_TILE AMX_INT8 AMX_BF16 FMA, in other operations, rebuild TensorFlow with the appropriate compiler flags.
2025-05-26 18:58:13,661   INFO : 



                ▗▄▄▄▖  ▗▄▖  ▗▖  ▗▖ ▗▄▄▄    ▗▄▖  ▗▄▄▖ 
                ▐▌    ▐▌ ▐▌ ▐▛▚▖▐▌ ▐▌  █  ▐▌ ▐▌ ▐▌ ▐▌
                ▐▌    ▐▛▀▜▌ ▐▌ ▝▜▌ ▐▌  █  ▐▌ ▐▌ ▐▛▀▚▖
                ▝▚▄▄▖ ▐▌ ▐▌ ▐▌  ▐▌ ▐▙▄▄▀  ▝▚▄▞▘ ▐▌ ▐▌

2025-05-26 18:58:13,661   INFO : ======================================================================

2025-05-26 18:58:13,661   INFO : 🚀 Starting MATG: Multi-Agent LLM-Based Test Generation Framework
2025-05-26 18:58:13,661   INFO : 📘 Purpose : Automated test generation for Java using LLM agents
2025-05-26 18:58:13,661   INFO : 🧠 Agents  : Planner, Generator, Executor, and Evaluator
2025-05-26 18:58:13,661   INFO : 🛠️  Engine  : Powered by matg (Machine-Assisted Test Generation)
2025-05-26 18:58:13,661   INFO : ======================================================================


2025-05-26 18:58:13,679   INFO : 🚨🚨🚨 🚀 🚀 🚀 ----- 🤖 AGENT Initializer: Generating initial test file ----- 🚀 🚀 🚀 🚨🚨🚨 
2025-05-26 18:58:31,787   INFO : Test failed:  
 [[1;34mINFO[m] Scanning for projects...
[[1;33mWARNING[m] 
[[1;33mWARNING[m] Some problems were encountered while building the effective model for mbxp:HumanEvalJava:jar:1.0
[[1;33mWARNING[m] 'build.plugins.plugin.version' for org.apache.maven.plugins:maven-site-plugin is missing. @ line 74, column 21
[[1;33mWARNING[m] 
[[1;33mWARNING[m] It is highly recommended to fix these problems because they threaten the stability of your build.
[[1;33mWARNING[m] 
[[1;33mWARNING[m] For this reason, future Maven versions might no longer support building such malformed projects.
[[1;33mWARNING[m] 
[[1;34mINFO[m] 
[[1;34mINFO[m] [1m-------------------------< [0;36mmbxp:HumanEvalJava[0;1m >-------------------------[m
[[1;34mINFO[m] [1mBuilding HumanEvalJava 1.0[m
[[1;34mINFO[m] [1m--------------------------------[ jar ]---------------------------------[m
[[1;34mINFO[m] 
[[1;34mINFO[m] [1m--- [0;32mmaven-clean-plugin:2.5:clean[m [1m(default-clean)[m @ [36mHumanEvalJava[0;1m ---[m
[[1;34mINFO[m] Deleting /home/qinghua/projects/matg/data/HumanEvalJava/candor_initialize_1/target
[[1;34mINFO[m] 
[[1;34mINFO[m] [1m--- [0;32mjacoco-maven-plugin:0.8.8:prepare-agent[m [1m(default-prepare-agent)[m @ [36mHumanEvalJava[0;1m ---[m
[[1;34mINFO[m] argLine set to -javaagent:/home/qinghua/.m2/repository/org/jacoco/org.jacoco.agent/0.8.8/org.jacoco.agent-0.8.8-runtime.jar=destfile=/home/qinghua/projects/matg/data/HumanEvalJava/candor_initialize_1/target/jacoco.exec
[[1;34mINFO[m] 
[[1;34mINFO[m] [1m--- [0;32mmaven-resources-plugin:2.6:resources[m [1m(default-resources)[m @ [36mHumanEvalJava[0;1m ---[m
[[1;34mINFO[m] Using 'UTF-8' encoding to copy filtered resources.
[[1;34mINFO[m] skip non existing resourceDirectory /home/qinghua/projects/matg/data/HumanEvalJava/candor_initialize_1/src/main/resources
[[1;34mINFO[m] 
[[1;34mINFO[m] [1m--- [0;32mmaven-compiler-plugin:3.11.0:compile[m [1m(default-compile)[m @ [36mHumanEvalJava[0;1m ---[m
[[1;34mINFO[m] Changes detected - recompiling the module! :source
[[1;34mINFO[m] Compiling 160 source files with javac [debug target 11] to target/classes
[[1;33mWARNING[m] /home/qinghua/projects/matg/data/HumanEvalJava/candor_initialize_1/src/main/java/original/id_101.java:[35,30] non-varargs call of varargs method with inexact argument type for last parameter;
  cast to java.lang.Object for a varargs call
  cast to java.lang.Object[] for a non-varargs call and to suppress this warning
[[1;34mINFO[m] /home/qinghua/projects/matg/data/HumanEvalJava/candor_initialize_1/src/main/java/original/id_87.java: /home/qinghua/projects/matg/data/HumanEvalJava/candor_initialize_1/src/main/java/original/id_87.java uses unchecked or unsafe operations.
[[1;34mINFO[m] /home/qinghua/projects/matg/data/HumanEvalJava/candor_initialize_1/src/main/java/original/id_87.java: Recompile with -Xlint:unchecked for details.
[[1;34mINFO[m] 
[[1;34mINFO[m] [1m--- [0;32mmaven-resources-plugin:2.6:testResources[m [1m(default-testResources)[m @ [36mHumanEvalJava[0;1m ---[m
[[1;34mINFO[m] Using 'UTF-8' encoding to copy filtered resources.
[[1;34mINFO[m] skip non existing resourceDirectory /home/qinghua/projects/matg/data/HumanEvalJava/candor_initialize_1/src/test/resources
[[1;34mINFO[m] 
[[1;34mINFO[m] [1m--- [0;32mmaven-compiler-plugin:3.11.0:testCompile[m [1m(default-testCompile)[m @ [36mHumanEvalJava[0;1m ---[m
[[1;34mINFO[m] Changes detected - recompiling the module! :dependency
[[1;34mINFO[m] Compiling 160 source files with javac [debug target 11] to target/test-classes
[[1;34mINFO[m] /home/qinghua/projects/matg/data/HumanEvalJava/candor_initialize_1/src/test/java/original/id_125Test.java: /home/qinghua/projects/matg/data/HumanEvalJava/candor_initialize_1/src/test/java/original/id_125Test.java uses unchecked or unsafe operations.
[[1;34mINFO[m] /home/qinghua/projects/matg/data/HumanEvalJava/candor_initialize_1/src/test/java/original/id_125Test.java: Recompile with -Xlint:unchecked for details.
[[1;34mINFO[m] 
[[1;34mINFO[m] [1m--- [0;32mevosuite-maven-plugin:1.2.0:prepare[m [1m(default)[m @ [36mHumanEvalJava[0;1m ---[m
[[1;34mINFO[m] Preparing EvoSuite tests for execution
[[1;34mINFO[m] Analyzing test folder: /home/qinghua/projects/matg/data/HumanEvalJava/candor_initialize_1/target/test-classes
[[1;34mINFO[m] Found 0 EvoSuite scaffolding files
[[1;34mINFO[m] 
[[1;34mINFO[m] [1m--- [0;32mmaven-surefire-plugin:3.0.0:test[m [1m(default-test)[m @ [36mHumanEvalJava[0;1m ---[m
[[1;34mINFO[m] Using auto detected provider org.apache.maven.surefire.junitplatform.JUnitPlatformProvider
[[1;34mINFO[m] 
[[1;34mINFO[m] -------------------------------------------------------
[[1;34mINFO[m]  T E S T S
[[1;34mINFO[m] -------------------------------------------------------
[[1;34mINFO[m] Running original.[1mMonotonicTest[m
[[1;34mINFO[m] [1;32mTests run: [0;1;32m1[m, Failures: 0, Errors: 0, Skipped: 0, Time elapsed: 0.044 s - in original.[1mMonotonicTest[m
[[1;34mINFO[m] Running original.[1mSolve1Test[m
[[1;34mINFO[m] [1;32mTests run: [0;1;32m1[m, Failures: 0, Errors: 0, Skipped: 0, Time elapsed: 0.006 s - in original.[1mSolve1Test[m
[[1;34mINFO[m] Running original.[1mConcatenateTest[m
[[1;34mINFO[m] [1;32mTests run: [0;1;32m1[m, Failures: 0, Errors: 0, Skipped: 0, Time elapsed: 0.002 s - in original.[1mConcatenateTest[m
[[1;34mINFO[m] Running original.[1mDigitsTest[m
[[1;34mINFO[m] [1;32mTests run: [0;1;32m1[m, Failures: 0, Errors: 0, Skipped: 0, Time elapsed: 0.001 s - in original.[1mDigitsTest[m
[[1;34mINFO[m] Running original.[1mCountDistinctCharactersTest[m
[[1;34mINFO[m] [1;32mTests run: [0;1;32m1[m, Failures: 0, Errors: 0, Skipped: 0, Time elapsed: 0.001 s - in original.[1mCountDistinctCharactersTest[m
[[1;34mINFO[m] Running original.[1mPairsSumToZeroTest[m
[[1;34mINFO[m] [1;32mTests run: [0;1;32m1[m, Failures: 0, Errors: 0, Skipped: 0, Time elapsed: 0.002 s - in original.[1mPairsSumToZeroTest[m
[[1;34mINFO[m] Running original.[1mCommonTest[m
[[1;34mINFO[m] [1;32mTests run: [0;1;32m1[m, Failures: 0, Errors: 0, Skipped: 0, Time elapsed: 0.002 s - in original.[1mCommonTest[m
[[1;34mINFO[m] Running original.[1mFruitDistributionTest[m
[[1;34mINFO[m] [1;32mTests run: [0;1;32m1[m, Failures: 0, Errors: 0, Skipped: 0, Time elapsed: 0.001 s - in original.[1mFruitDistributionTest[m
[[1;34mINFO[m] Running original.[1mReverseDeleteTest[m
[[1;34mINFO[m] [1;32mTests run: [0;1;32m1[m, Failures: 0, Errors: 0, Skipped: 0, Time elapsed: 0.008 s - in original.[1mReverseDeleteTest[m
[[1;34mINFO[m] Running original.[1mCircularShiftTest[m
[[1;34mINFO[m] [1;32mTests run: [0;1;32m1[m, Failures: 0, Errors: 0, Skipped: 0, Time elapsed: 0.002 s - in original.[1mCircularShiftTest[m
[[1;34mINFO[m] Running original.[1mAddTest[m
[[1;34mINFO[m] [1;32mTests run: [0;1;32m1[m, Failures: 0, Errors: 0, Skipped: 0, Time elapsed: 0.001 s - in original.[1mAddTest[m
[[1;34mINFO[m] Running original.[1mIscubeTest[m
[[1;34mINFO[m] [1;32mTests run: [0;1;32m1[m, Failures: 0, Errors: 0, Skipped: 0, Time elapsed: 0.001 s - in original.[1mIscubeTest[m
[[1;34mINFO[m] Running original.[1mTotalMatchTest[m
[[1;34mINFO[m] [1;32mTests run: [0;1;32m1[m, Failures: 0, Errors: 0, Skipped: 0, Time elapsed: 0.001 s - in original.[1mTotalMatchTest[m
[[1;34mINFO[m] Running original.[1mIncrListTest[m
[[1;34mINFO[m] [1;32mTests run: [0;1;32m1[m, Failures: 0, Errors: 0, Skipped: 0, Time elapsed: 0.001 s - in original.[1mIncrListTest[m
[[1;34mINFO[m] Running original.[1mGetPositiveTest[m
[[1;34mINFO[m] [1;32mTests run: [0;1;32m1[m, Failures: 0, Errors: 0, Skipped: 0, Time elapsed: 0.001 s - in original.[1mGetPositiveTest[m
[[1;34mINFO[m] Running original.[1mMaxElementTest[m
[[1;34mINFO[m] [1;32mTests run: [0;1;32m1[m, Failures: 0, Errors: 0, Skipped: 0, Time elapsed: 0.001 s - in original.[1mMaxElementTest[m
[[1;34mINFO[m] Running original.[1mParseMusicTest[m
[[1;34mINFO[m] [1;32mTests run: [0;1;32m1[m, Failures: 0, Errors: 0, Skipped: 0, Time elapsed: 0.022 s - in original.[1mParseMusicTest[m
[[1;34mINFO[m] Running original.[1mCountUpToTest[m
[[1;34mINFO[m] [1;32mTests run: [0;1;32m1[m, Failures: 0, Errors: 0, Skipped: 0, Time elapsed: 0.002 s - in original.[1mCountUpToTest[m
[[1;34mINFO[m] Running original.[1mMinsubarraysumTest[m
[[1;34mINFO[m] [1;32mTests run: [0;1;32m1[m, Failures: 0, Errors: 0, Skipped: 0, Time elapsed: 0.001 s - in original.[1mMinsubarraysumTest[m
[[1;34mINFO[m] Running original.[1mSortArrayTest[m
[[1;34mINFO[m] [1;32mTests run: [0;1;32m1[m, Failures: 0, Errors: 0, Skipped: 0, Time elapsed: 0.001 s - in original.[1mSortArrayTest[m
[[1;34mINFO[m] Running original.[1mLargestSmallestIntegersTest[m
[[1;34mINFO[m] [1;32mTests run: [0;1;32m1[m, Failures: 0, Errors: 0, Skipped: 0, Time elapsed: 0.001 s - in original.[1mLargestSmallestIntegersTest[m
[[1;34mINFO[m] Running original.[1mMultiplyTest[m
[[1;34mINFO[m] [1;32mTests run: [0;1;32m1[m, Failures: 0, Errors: 0, Skipped: 0, Time elapsed: 0.001 s - in original.[1mMultiplyTest[m
[[1;34mINFO[m] Running original.[1mWordsStringTest[m
[[1;34mINFO[m] [1;32mTests run: [0;1;32m1[m, Failures: 0, Errors: 0, Skipped: 0, Time elapsed: 0.002 s - in original.[1mWordsStringTest[m
[[1;34mINFO[m] Running original.[1mCheckIfLastCharIsALetterTest[m
[[1;34mINFO[m] [1;32mTests run: [0;1;32m1[m, Failures: 0, Errors: 0, Skipped: 0, Time elapsed: 0.001 s - in original.[1mCheckIfLastCharIsALetterTest[m
[[1;34mINFO[m] Running original.[1mCorrectBracketingTest[m
[[1;34mINFO[m] [1;32mTests run: [0;1;32m1[m, Failures: 0, Errors: 0, Skipped: 0, Time elapsed: 0.001 s - in original.[1mCorrectBracketingTest[m
[[1;34mINFO[m] Running original.[1mMinpathTest[m
[[1;34mINFO[m] [1;32mTests run: [0;1;32m1[m, Failures: 0, Errors: 0, Skipped: 0, Time elapsed: 0.001 s - in original.[1mMinpathTest[m
[[1;34mINFO[m] Running original.[1mFindClosestElementsTest[m
[[1;34mINFO[m] [1;32mTests run: [0;1;32m1[m, Failures: 0, Errors: 0, Skipped: 0, Time elapsed: 0.001 s - in original.[1mFindClosestElementsTest[m
[[1;34mINFO[m] Running original.[1mWordsInSentenceTest[m
[[1;34mINFO[m] [1;32mTests run: [0;1;32m1[m, Failures: 0, Errors: 0, Skipped: 0, Time elapsed: 0.006 s - in original.[1mWordsInSentenceTest[m
[[1;34mINFO[m] Running original.[1mBfTest[m
[[1;34mINFO[m] [1;32mTests run: [0;1;32m1[m, Failures: 0, Errors: 0, Skipped: 0, Time elapsed: 0.001 s - in original.[1mBfTest[m
[[1;34mINFO[m] Running original.[1mSortThirdTest[m
[[1;34mINFO[m] [1;32mTests run: [0;1;32m1[m, Failures: 0, Errors: 0, Skipped: 0, Time elapsed: 0.001 s - in original.[1mSortThirdTest[m
[[1;34mINFO[m] Running original.[1mStringSequenceTest[m
[[1;34mINFO[m] [1;32mTests run: [0;1;32m1[m, Failures: 0, Errors: 0, Skipped: 0, Time elapsed: 0.003 s - in original.[1mStringSequenceTest[m
[[1;34mINFO[m] Running original.[1mHexKeyTest[m
[[1;34mINFO[m] [1;32mTests run: [0;1;32m1[m, Failures: 0, Errors: 0, Skipped: 0, Time elapsed: 0.001 s - in original.[1mHexKeyTest[m
[[1;34mINFO[m] Running original.[1mHistogramTest[m
[[1;34mINFO[m] [1;32mTests run: [0;1;32m1[m, Failures: 0, Errors: 0, Skipped: 0, Time elapsed: 0.001 s - in original.[1mHistogramTest[m
[[1;34mINFO[m] Running original.[1mByLengthTest[m
[[1;34mINFO[m] [1;32mTests run: [0;1;32m1[m, Failures: 0, Errors: 0, Skipped: 0, Time elapsed: 0.001 s - in original.[1mByLengthTest[m
[[1;34mINFO[m] Running original.[1mSeparateParenGroupsTest[m
[[1;34mINFO[m] [1;32mTests run: [0;1;32m1[m, Failures: 0, Errors: 0, Skipped: 0, Time elapsed: 0.001 s - in original.[1mSeparateParenGroupsTest[m
[[1;34mINFO[m] Running original.[1mRollingMaxTest[m
[[1;34mINFO[m] [1;32mTests run: [0;1;32m1[m, Failures: 0, Errors: 0, Skipped: 0, Time elapsed: 0.001 s - in original.[1mRollingMaxTest[m
[[1;34mINFO[m] Running original.[1mStrlenTest[m
[[1;34mINFO[m] [1;32mTests run: [0;1;32m1[m, Failures: 0, Errors: 0, Skipped: 0, Time elapsed: 0.001 s - in original.[1mStrlenTest[m
[[1;34mINFO[m] Running original.[1mEvenOddCountTest[m
[[1;34mINFO[m] [1;32mTests run: [0;1;32m1[m, Failures: 0, Errors: 0, Skipped: 0, Time elapsed: 0.001 s - in original.[1mEvenOddCountTest[m
[[1;34mINFO[m] Running original.[1mEvenOddPalindromeTest[m
[[1;34mINFO[m] [1;32mTests run: [0;1;32m1[m, Failures: 0, Errors: 0, Skipped: 0, Time elapsed: 0.001 s - in original.[1mEvenOddPalindromeTest[m
[[1;34mINFO[m] Running original.[1mFib4Test[m
[[1;34mINFO[m] [1;32mTests run: [0;1;32m1[m, Failures: 0, Errors: 0, Skipped: 0, Time elapsed: 0.001 s - in original.[1mFib4Test[m
[[1;34mINFO[m] Running original.[1mTriangleArea1Test[m
[[1;34mINFO[m] [1;32mTests run: [0;1;32m1[m, Failures: 0, Errors: 0, Skipped: 0, Time elapsed: 0.001 s - in original.[1mTriangleArea1Test[m
[[1;34mINFO[m] Running original.[1mEncodeTest[m
[[1;34mINFO[m] [1;32mTests run: [0;1;32m1[m, Failures: 0, Errors: 0, Skipped: 0, Time elapsed: 0.001 s - in original.[1mEncodeTest[m
[[1;34mINFO[m] Running original.[1mMedianTest[m
[[1;34mINFO[m] [1;32mTests run: [0;1;32m1[m, Failures: 0, Errors: 0, Skipped: 0, Time elapsed: 0.001 s - in original.[1mMedianTest[m
[[1;34mINFO[m] Running original.[1mAnyIntTest[m
[[1;34mINFO[m] [1;32mTests run: [0;1;32m1[m, Failures: 0, Errors: 0, Skipped: 0, Time elapsed: 0.001 s - in original.[1mAnyIntTest[m
[[1;34mINFO[m] Running original.[1mSameCharsTest[m
[[1;34mINFO[m] [1;32mTests run: [0;1;32m1[m, Failures: 0, Errors: 0, Skipped: 0, Time elapsed: 0.001 s - in original.[1mSameCharsTest[m
[[1;34mINFO[m] Running original.[1mMakeAPileTest[m
[[1;34mINFO[m] [1;32mTests run: [0;1;32m1[m, Failures: 0, Errors: 0, Skipped: 0, Time elapsed: 0.001 s - in original.[1mMakeAPileTest[m
[[1;34mINFO[m] Running original.[1mAdd1Test[m
[[1;34mINFO[m] [1;32mTests run: [0;1;32m1[m, Failures: 0, Errors: 0, Skipped: 0, Time elapsed: 0.001 s - in original.[1mAdd1Test[m
[[1;34mINFO[m] Running original.[1mModpTest[m
[[1;34mINFO[m] [1;32mTests run: [0;1;32m1[m, Failures: 0, Errors: 0, Skipped: 0, Time elapsed: 0.002 s - in original.[1mModpTest[m
[[1;34mINFO[m] Running original.[1mPrimeFibTest[m
[[1;34mINFO[m] [1;32mTests run: [0;1;32m1[m, Failures: 0, Errors: 0, Skipped: 0, Time elapsed: 0.001 s - in original.[1mPrimeFibTest[m
[[1;34mINFO[m] Running original.[1mLargestDivisorTest[m
[[1;34mINFO[m] [1;32mTests run: [0;1;32m1[m, Failures: 0, Errors: 0, Skipped: 0, Time elapsed: 0 s - in original.[1mLargestDivisorTest[m
[[1;34mINFO[m] Running original.[1mFibTest[m
[[1;34mINFO[m] [1;32mTests run: [0;1;32m1[m, Failures: 0, Errors: 0, Skipped: 0, Time elapsed: 0.001 s - in original.[1mFibTest[m
[[1;34mINFO[m] Running original.[1mIntToMiniRomanTest[m
[[1;34mINFO[m] [1;32mTests run: [0;1;32m1[m, Failures: 0, Errors: 0, Skipped: 0, Time elapsed: 0.004 s - in original.[1mIntToMiniRomanTest[m
[[1;34mINFO[m] Running original.[1mSplitWordsTest[m
[[1;34mINFO[m] [1;32mTests run: [0;1;32m1[m, Failures: 0, Errors: 0, Skipped: 0, Time elapsed: 0.002 s - in original.[1mSplitWordsTest[m
[[1;34mINFO[m] Running original.[1mStringXorTest[m
[[1;34mINFO[m] [1;32mTests run: [0;1;32m1[m, Failures: 0, Errors: 0, Skipped: 0, Time elapsed: 0.001 s - in original.[1mStringXorTest[m
[[1;34mINFO[m] Running original.[1mOrderByPointsTest[m
[[1;34mINFO[m] [1;32mTests run: [0;1;32m1[m, Failures: 0, Errors: 0, Skipped: 0, Time elapsed: 0.001 s - in original.[1mOrderByPointsTest[m
[[1;34mINFO[m] Running original.[1mGetRowTest[m
[[1;34mINFO[m] [1;32mTests run: [0;1;32m1[m, Failures: 0, Errors: 0, Skipped: 0, Time elapsed: 0.001 s - in original.[1mGetRowTest[m
[[1;34mINFO[m] Running original.[1mSortArray1Test[m
[[1;34mINFO[m] [1;32mTests run: [0;1;32m1[m, Failures: 0, Errors: 0, Skipped: 0, Time elapsed: 0.002 s - in original.[1mSortArray1Test[m
[[1;34mINFO[m] Running original.[1mRescaleToUnitTest[m
[[1;34mINFO[m] [1;32mTests run: [0;1;32m1[m, Failures: 0, Errors: 0, Skipped: 0, Time elapsed: 0.001 s - in original.[1mRescaleToUnitTest[m
[[1;34mINFO[m] Running original.[1mTriTest[m
[[1;34mINFO[m] [1;32mTests run: [0;1;32m1[m, Failures: 0, Errors: 0, Skipped: 0, Time elapsed: 0.001 s - in original.[1mTriTest[m
[[1;34mINFO[m] Running original.[1mUniqueDigitsTest[m
[[1;34mINFO[m] [1;32mTests run: [0;1;32m1[m, Failures: 0, Errors: 0, Skipped: 0, Time elapsed: 0.002 s - in original.[1mUniqueDigitsTest[m
[[1;34mINFO[m] Running original.[1mSmallestChangeTest[m
[[1;34mINFO[m] [1;32mTests run: [0;1;32m1[m, Failures: 0, Errors: 0, Skipped: 0, Time elapsed: 0.001 s - in original.[1mSmallestChangeTest[m
[[1;34mINFO[m] Running original.[1mGetClosestVowelTest[m
[[1;34mINFO[m] [1;32mTests run: [0;1;32m1[m, Failures: 0, Errors: 0, Skipped: 0, Time elapsed: 0.001 s - in original.[1mGetClosestVowelTest[m
[[1;34mINFO[m] Running original.[1mBelowThresholdTest[m
[[1;34mINFO[m] [1;32mTests run: [0;1;32m1[m, Failures: 0, Errors: 0, Skipped: 0, Time elapsed: 0 s - in original.[1mBelowThresholdTest[m
[[1;34mINFO[m] Running original.[1mStrangeSortListTest[m
[[1;34mINFO[m] [1;32mTests run: [0;1;32m1[m, Failures: 0, Errors: 0, Skipped: 0, Time elapsed: 0.001 s - in original.[1mStrangeSortListTest[m
[[1;34mINFO[m] Running original.[1mIsSimplePowerTest[m
[[1;34mINFO[m] [1;32mTests run: [0;1;32m1[m, Failures: 0, Errors: 0, Skipped: 0, Time elapsed: 0.001 s - in original.[1mIsSimplePowerTest[m
[[1;34mINFO[m] Running original.[1mEatTest[m
[[1;34mINFO[m] [1;32mTests run: [0;1;32m1[m, Failures: 0, Errors: 0, Skipped: 0, Time elapsed: 0 s - in original.[1mEatTest[m
[[1;34mINFO[m] Running original.[1mMoveOneBallTest[m
[[1;34mINFO[m] [1;32mTests run: [0;1;32m1[m, Failures: 0, Errors: 0, Skipped: 0, Time elapsed: 0.001 s - in original.[1mMoveOneBallTest[m
[[1;34mINFO[m] Running original.[1mFixSpacesTest[m
[[1;34mINFO[m] [1;32mTests run: [0;1;32m1[m, Failures: 0, Errors: 0, Skipped: 0, Time elapsed: 0.002 s - in original.[1mFixSpacesTest[m
[[1;34mINFO[m] Running original.[1mSpecialfilterTest[m
[[1;34mINFO[m] [1;32mTests run: [0;1;32m1[m, Failures: 0, Errors: 0, Skipped: 0, Time elapsed: 0.001 s - in original.[1mSpecialfilterTest[m
[[1;34mINFO[m] Running original.[1mGenerateIntegersTest[m
[[1;34mINFO[m] [1;32mTests run: [0;1;32m1[m, Failures: 0, Errors: 0, Skipped: 0, Time elapsed: 0.001 s - in original.[1mGenerateIntegersTest[m
[[1;34mINFO[m] Running original.[1mRoundedAvgTest[m
[[1;34mINFO[m] [1;32mTests run: [0;1;32m1[m, Failures: 0, Errors: 0, Skipped: 0, Time elapsed: 0.001 s - in original.[1mRoundedAvgTest[m
[[1;34mINFO[m] Running original.[1mRightAngleTriangleTest[m
[[1;34mINFO[m] [1;32mTests run: [0;1;32m1[m, Failures: 0, Errors: 0, Skipped: 0, Time elapsed: 0.001 s - in original.[1mRightAngleTriangleTest[m
[[1;34mINFO[m] Running original.[1mCompareOneTest[m
[[1;34mINFO[m] [1;32mTests run: [0;1;32m1[m, Failures: 0, Errors: 0, Skipped: 0, Time elapsed: 0.001 s - in original.[1mCompareOneTest[m
[[1;34mINFO[m] Running original.[1mCountUpperTest[m
[[1;34mINFO[m] [1;32mTests run: [0;1;32m1[m, Failures: 0, Errors: 0, Skipped: 0, Time elapsed: 0 s - in original.[1mCountUpperTest[m
[[1;34mINFO[m] Running original.[1mExchangeTest[m
[[1;34mINFO[m] [1;32mTests run: [0;1;32m1[m, Failures: 0, Errors: 0, Skipped: 0, Time elapsed: 0.001 s - in original.[1mExchangeTest[m
[[1;34mINFO[m] Running original.[1mSumToNTest[m
[[1;34mINFO[m] [1;32mTests run: [0;1;32m1[m, Failures: 0, Errors: 0, Skipped: 0, Time elapsed: 0.001 s - in original.[1mSumToNTest[m
[[1;34mINFO[m] Running original.[1mSortedListSumTest[m
[[1;34mINFO[m] [1;32mTests run: [0;1;32m1[m, Failures: 0, Errors: 0, Skipped: 0, Time elapsed: 0.001 s - in original.[1mSortedListSumTest[m
[[1;34mINFO[m] Running original.[1mCanArrangeTest[m
[[1;34mINFO[m] [1;32mTests run: [0;1;32m1[m, Failures: 0, Errors: 0, Skipped: 0, Time elapsed: 0 s - in original.[1mCanArrangeTest[m
[[1;34mINFO[m] Running original.[1mStartsOneEndsTest[m
[[1;34mINFO[m] [1;32mTests run: [0;1;32m1[m, Failures: 0, Errors: 0, Skipped: 0, Time elapsed: 0.001 s - in original.[1mStartsOneEndsTest[m
[[1;34mINFO[m] Running original.[1mGreatestCommonDivisorTest[m
[[1;34mINFO[m] [1;32mTests run: [0;1;32m1[m, Failures: 0, Errors: 0, Skipped: 0, Time elapsed: 0.001 s - in original.[1mGreatestCommonDivisorTest[m
[[1;34mINFO[m] Running original.[1mSelectWordsTest[m
[[1;34mINFO[m] [1;32mTests run: [0;1;32m1[m, Failures: 0, Errors: 0, Skipped: 0, Time elapsed: 0.001 s - in original.[1mSelectWordsTest[m
[[1;34mINFO[m] Running original.[1mAntiShuffleTest[m
[[1;34mINFO[m] [1;32mTests run: [0;1;32m1[m, Failures: 0, Errors: 0, Skipped: 0, Time elapsed: 0.002 s - in original.[1mAntiShuffleTest[m
[[1;34mINFO[m] Running original.[1mTriangleAreaTest[m
[[1;34mINFO[m] [1;32mTests run: [0;1;32m1[m, Failures: 0, Errors: 0, Skipped: 0, Time elapsed: 0.001 s - in original.[1mTriangleAreaTest[m
[[1;34mINFO[m] Running original.[1mLongestTest[m
[[1;34mINFO[m] [1;32mTests run: [0;1;32m1[m, Failures: 0, Errors: 0, Skipped: 0, Time elapsed: 0.001 s - in original.[1mLongestTest[m
[[1;34mINFO[m] Running original.[1mCheckDictCaseTest[m
[[1;34mINFO[m] [1;32mTests run: [0;1;32m1[m, Failures: 0, Errors: 0, Skipped: 0, Time elapsed: 0.001 s - in original.[1mCheckDictCaseTest[m
[[1;34mINFO[m] Running original.[1mSortNumbersTest[m
[[1;34mINFO[m] [1;32mTests run: [0;1;32m1[m, Failures: 0, Errors: 0, Skipped: 0, Time elapsed: 0.001 s - in original.[1mSortNumbersTest[m
[[1;34mINFO[m] Running original.[1mEncryptTest[m
[[1;34mINFO[m] [1;32mTests run: [0;1;32m1[m, Failures: 0, Errors: 0, Skipped: 0, Time elapsed: 0.002 s - in original.[1mEncryptTest[m
[[1;34mINFO[m] Running original.[1mSearchTest[m
[[1;31mERROR[m] [1;31mTests [0;1mrun: [0;1m1[m, [1;31mFailures: [0;1;31m1[m, Errors: 0, Skipped: 0, Time elapsed: 0.005 s[1;31m <<< FAILURE![m - in original.[1mSearchTest[m
[[1;31mERROR[m] original.SearchTest.testSearch  Time elapsed: 0.002 s  <<< FAILURE!
org.opentest4j.AssertionFailedError: expected: <4> but was: <2>
	at org.junit.jupiter.api.AssertionUtils.fail(AssertionUtils.java:55)
	at org.junit.jupiter.api.AssertionUtils.failNotEqual(AssertionUtils.java:62)
	at org.junit.jupiter.api.AssertEquals.assertEquals(AssertEquals.java:150)
	at org.junit.jupiter.api.AssertEquals.assertEquals(AssertEquals.java:145)
	at org.junit.jupiter.api.Assertions.assertEquals(Assertions.java:527)
	at original.SearchTest.testSearch(id_69Test.java:14)
	at java.base/jdk.internal.reflect.NativeMethodAccessorImpl.invoke0(Native Method)
	at java.base/jdk.internal.reflect.NativeMethodAccessorImpl.invoke(NativeMethodAccessorImpl.java:62)
	at java.base/jdk.internal.reflect.DelegatingMethodAccessorImpl.invoke(DelegatingMethodAccessorImpl.java:43)
	at java.base/java.lang.reflect.Method.invoke(Method.java:566)
	at org.junit.platform.commons.util.ReflectionUtils.invokeMethod(ReflectionUtils.java:725)
	at org.junit.jupiter.engine.execution.MethodInvocation.proceed(MethodInvocation.java:60)
	at org.junit.jupiter.engine.execution.InvocationInterceptorChain$ValidatingInvocation.proceed(InvocationInterceptorChain.java:131)
	at org.junit.jupiter.engine.extension.TimeoutExtension.intercept(TimeoutExtension.java:149)
	at org.junit.jupiter.engine.extension.TimeoutExtension.interceptTestableMethod(TimeoutExtension.java:140)
	at org.junit.jupiter.engine.extension.TimeoutExtension.interceptTestMethod(TimeoutExtension.java:84)
	at org.junit.jupiter.engine.execution.ExecutableInvoker$ReflectiveInterceptorCall.lambda$ofVoidMethod$0(ExecutableInvoker.java:115)
	at org.junit.jupiter.engine.execution.ExecutableInvoker.lambda$invoke$0(ExecutableInvoker.java:105)
	at org.junit.jupiter.engine.execution.InvocationInterceptorChain$InterceptedInvocation.proceed(InvocationInterceptorChain.java:106)
	at org.junit.jupiter.engine.execution.InvocationInterceptorChain.proceed(InvocationInterceptorChain.java:64)
	at org.junit.jupiter.engine.execution.InvocationInterceptorChain.chainAndInvoke(InvocationInterceptorChain.java:45)
	at org.junit.jupiter.engine.execution.InvocationInterceptorChain.invoke(InvocationInterceptorChain.java:37)
	at org.junit.jupiter.engine.execution.ExecutableInvoker.invoke(ExecutableInvoker.java:104)
	at org.junit.jupiter.engine.execution.ExecutableInvoker.invoke(ExecutableInvoker.java:98)
	at org.junit.jupiter.engine.descriptor.TestMethodTestDescriptor.lambda$invokeTestMethod$7(TestMethodTestDescriptor.java:214)
	at org.junit.platform.engine.support.hierarchical.ThrowableCollector.execute(ThrowableCollector.java:73)
	at org.junit.jupiter.engine.descriptor.TestMethodTestDescriptor.invokeTestMethod(TestMethodTestDescriptor.java:210)
	at org.junit.jupiter.engine.descriptor.TestMethodTestDescriptor.execute(TestMethodTestDescriptor.java:135)
	at org.junit.jupiter.engine.descriptor.TestMethodTestDescriptor.execute(TestMethodTestDescriptor.java:66)
	at org.junit.platform.engine.support.hierarchical.NodeTestTask.lambda$executeRecursively$6(NodeTestTask.java:151)
	at org.junit.platform.engine.support.hierarchical.ThrowableCollector.execute(ThrowableCollector.java:73)
	at org.junit.platform.engine.support.hierarchical.NodeTestTask.lambda$executeRecursively$8(NodeTestTask.java:141)
	at org.junit.platform.engine.support.hierarchical.Node.around(Node.java:137)
	at org.junit.platform.engine.support.hierarchical.NodeTestTask.lambda$executeRecursively$9(NodeTestTask.java:139)
	at org.junit.platform.engine.support.hierarchical.ThrowableCollector.execute(ThrowableCollector.java:73)
	at org.junit.platform.engine.support.hierarchical.NodeTestTask.executeRecursively(NodeTestTask.java:138)
	at org.junit.platform.engine.support.hierarchical.NodeTestTask.execute(NodeTestTask.java:95)
	at java.base/java.util.ArrayList.forEach(ArrayList.java:1541)
	at org.junit.platform.engine.support.hierarchical.SameThreadHierarchicalTestExecutorService.invokeAll(SameThreadHierarchicalTestExecutorService.java:41)
	at org.junit.platform.engine.support.hierarchical.NodeTestTask.lambda$executeRecursively$6(NodeTestTask.java:155)
	at org.junit.platform.engine.support.hierarchical.ThrowableCollector.execute(ThrowableCollector.java:73)
	at org.junit.platform.engine.support.hierarchical.NodeTestTask.lambda$executeRecursively$8(NodeTestTask.java:141)
	at org.junit.platform.engine.support.hierarchical.Node.around(Node.java:137)
	at org.junit.platform.engine.support.hierarchical.NodeTestTask.lambda$executeRecursively$9(NodeTestTask.java:139)
	at org.junit.platform.engine.support.hierarchical.ThrowableCollector.execute(ThrowableCollector.java:73)
	at org.junit.platform.engine.support.hierarchical.NodeTestTask.executeRecursively(NodeTestTask.java:138)
	at org.junit.platform.engine.support.hierarchical.NodeTestTask.execute(NodeTestTask.java:95)
	at java.base/java.util.ArrayList.forEach(ArrayList.java:1541)
	at org.junit.platform.engine.support.hierarchical.SameThreadHierarchicalTestExecutorService.invokeAll(SameThreadHierarchicalTestExecutorService.java:41)
	at org.junit.platform.engine.support.hierarchical.NodeTestTask.lambda$executeRecursively$6(NodeTestTask.java:155)
	at org.junit.platform.engine.support.hierarchical.ThrowableCollector.execute(ThrowableCollector.java:73)
	at org.junit.platform.engine.support.hierarchical.NodeTestTask.lambda$executeRecursively$8(NodeTestTask.java:141)
	at org.junit.platform.engine.support.hierarchical.Node.around(Node.java:137)
	at org.junit.platform.engine.support.hierarchical.NodeTestTask.lambda$executeRecursively$9(NodeTestTask.java:139)
	at org.junit.platform.engine.support.hierarchical.ThrowableCollector.execute(ThrowableCollector.java:73)
	at org.junit.platform.engine.support.hierarchical.NodeTestTask.executeRecursively(NodeTestTask.java:138)
	at org.junit.platform.engine.support.hierarchical.NodeTestTask.execute(NodeTestTask.java:95)
	at org.junit.platform.engine.support.hierarchical.SameThreadHierarchicalTestExecutorService.submit(SameThreadHierarchicalTestExecutorService.java:35)
	at org.junit.platform.engine.support.hierarchical.HierarchicalTestExecutor.execute(HierarchicalTestExecutor.java:57)
	at org.junit.platform.engine.support.hierarchical.HierarchicalTestEngine.execute(HierarchicalTestEngine.java:54)
	at org.junit.platform.launcher.core.EngineExecutionOrchestrator.execute(EngineExecutionOrchestrator.java:147)
	at org.junit.platform.launcher.core.EngineExecutionOrchestrator.execute(EngineExecutionOrchestrator.java:127)
	at org.junit.platform.launcher.core.EngineExecutionOrchestrator.execute(EngineExecutionOrchestrator.java:90)
	at org.junit.platform.launcher.core.EngineExecutionOrchestrator.lambda$execute$0(EngineExecutionOrchestrator.java:55)
	at org.junit.platform.launcher.core.EngineExecutionOrchestrator.withInterceptedStreams(EngineExecutionOrchestrator.java:102)
	at org.junit.platform.launcher.core.EngineExecutionOrchestrator.execute(EngineExecutionOrchestrator.java:54)
	at org.junit.platform.launcher.core.DefaultLauncher.execute(DefaultLauncher.java:114)
	at org.junit.platform.launcher.core.DefaultLauncher.execute(DefaultLauncher.java:86)
	at org.junit.platform.launcher.core.DefaultLauncherSession$DelegatingLauncher.execute(DefaultLauncherSession.java:86)
	at org.apache.maven.surefire.junitplatform.LazyLauncher.execute(LazyLauncher.java:50)
	at org.apache.maven.surefire.junitplatform.JUnitPlatformProvider.execute(JUnitPlatformProvider.java:184)
	at org.apache.maven.surefire.junitplatform.JUnitPlatformProvider.invokeAllTests(JUnitPlatformProvider.java:148)
	at org.apache.maven.surefire.junitplatform.JUnitPlatformProvider.invoke(JUnitPlatformProvider.java:122)
	at org.apache.maven.surefire.booter.ForkedBooter.runSuitesInProcess(ForkedBooter.java:385)
	at org.apache.maven.surefire.booter.ForkedBooter.execute(ForkedBooter.java:162)
	at org.apache.maven.surefire.booter.ForkedBooter.run(ForkedBooter.java:507)
	at org.apache.maven.surefire.booter.ForkedBooter.main(ForkedBooter.java:495)

[[1;34mINFO[m] Running original.[1mTruncateNumberTest[m
[[1;34mINFO[m] [1;32mTests run: [0;1;32m1[m, Failures: 0, Errors: 0, Skipped: 0, Time elapsed: 0.001 s - in original.[1mTruncateNumberTest[m
[[1;34mINFO[m] Running original.[1mAddElementsTest[m
[[1;34mINFO[m] [1;32mTests run: [0;1;32m1[m, Failures: 0, Errors: 0, Skipped: 0, Time elapsed: 0.001 s - in original.[1mAddElementsTest[m
[[1;34mINFO[m] Running original.[1mOddCountTest[m
[[1;34mINFO[m] [1;32mTests run: [0;1;32m1[m, Failures: 0, Errors: 0, Skipped: 0, Time elapsed: 0.007 s - in original.[1mOddCountTest[m
[[1;34mINFO[m] Running original.[1mSumSquaresTest[m
[[1;34mINFO[m] [1;32mTests run: [0;1;32m1[m, Failures: 0, Errors: 0, Skipped: 0, Time elapsed: 0.001 s - in original.[1mSumSquaresTest[m
[[1;34mINFO[m] Running original.[1mChangeBaseTest[m
[[1;34mINFO[m] [1;32mTests run: [0;1;32m1[m, Failures: 0, Errors: 0, Skipped: 0, Time elapsed: 0.003 s - in original.[1mChangeBaseTest[m
[[1;34mINFO[m] Running original.[1mMaximum1Test[m
[[1;34mINFO[m] [1;32mTests run: [0;1;32m1[m, Failures: 0, Errors: 0, Skipped: 0, Time elapsed: 0.003 s - in original.[1mMaximum1Test[m
[[1;34mINFO[m] Running original.[1mFibfibTest[m
[[1;34mINFO[m] [1;32mTests run: [0;1;32m1[m, Failures: 0, Errors: 0, Skipped: 0, Time elapsed: 0.001 s - in original.[1mFibfibTest[m
[[1;34mINFO[m] Running original.[1mAllPrefixesTest[m
[[1;34mINFO[m] [1;32mTests run: [0;1;32m1[m, Failures: 0, Errors: 0, Skipped: 0, Time elapsed: 0.002 s - in original.[1mAllPrefixesTest[m
[[1;34mINFO[m] Running original.[1mIntersperseTest[m
[[1;34mINFO[m] [1;32mTests run: [0;1;32m1[m, Failures: 0, Errors: 0, Skipped: 0, Time elapsed: 0.001 s - in original.[1mIntersperseTest[m
[[1;34mINFO[m] Running original.[1mFilterByPrefixTest[m
[[1;34mINFO[m] [1;32mTests run: [0;1;32m1[m, Failures: 0, Errors: 0, Skipped: 0, Time elapsed: 0.001 s - in original.[1mFilterByPrefixTest[m
[[1;34mINFO[m] Running original.[1mPrimeLengthTest[m
[[1;34mINFO[m] [1;32mTests run: [0;1;32m1[m, Failures: 0, Errors: 0, Skipped: 0, Time elapsed: 0.001 s - in original.[1mPrimeLengthTest[m
[[1;34mINFO[m] Running original.[1mCorrectBracketing1Test[m
[[1;34mINFO[m] [1;32mTests run: [0;1;32m1[m, Failures: 0, Errors: 0, Skipped: 0, Time elapsed: 0.001 s - in original.[1mCorrectBracketing1Test[m
[[1;34mINFO[m] Running original.[1mMeanAbsoluteDeviationTest[m
[[1;34mINFO[m] [1;32mTests run: [0;1;32m1[m, Failures: 0, Errors: 0, Skipped: 0, Time elapsed: 0.001 s - in original.[1mMeanAbsoluteDeviationTest[m
[[1;34mINFO[m] Running original.[1mHasCloseElementsTest[m
[[1;34mINFO[m] [1;32mTests run: [0;1;32m1[m, Failures: 0, Errors: 0, Skipped: 0, Time elapsed: 0.001 s - in original.[1mHasCloseElementsTest[m
[[1;34mINFO[m] Running original.[1mVowelsCountTest[m
[[1;34mINFO[m] [1;32mTests run: [0;1;32m1[m, Failures: 0, Errors: 0, Skipped: 0, Time elapsed: 0 s - in original.[1mVowelsCountTest[m
[[1;34mINFO[m] Running original.[1mGetOddCollatzTest[m
[[1;34mINFO[m] [1;32mTests run: [0;1;32m1[m, Failures: 0, Errors: 0, Skipped: 0, Time elapsed: 0 s - in original.[1mGetOddCollatzTest[m
[[1;34mINFO[m] Running original.[1mSortEvenTest[m
[[1;34mINFO[m] [1;32mTests run: [0;1;32m1[m, Failures: 0, Errors: 0, Skipped: 0, Time elapsed: 0.001 s - in original.[1mSortEvenTest[m
[[1;34mINFO[m] Running original.[1mIsEqualToSumEvenTest[m
[[1;34mINFO[m] [1;32mTests run: [0;1;32m1[m, Failures: 0, Errors: 0, Skipped: 0, Time elapsed: 0.001 s - in original.[1mIsEqualToSumEvenTest[m
[[1;34mINFO[m] Running original.[1mIntersectionTest[m
[[1;34mINFO[m] [1;32mTests run: [0;1;32m1[m, Failures: 0, Errors: 0, Skipped: 0, Time elapsed: 0.001 s - in original.[1mIntersectionTest[m
[[1;34mINFO[m] Running original.[1mCompareTest[m
[[1;34mINFO[m] [1;32mTests run: [0;1;32m1[m, Failures: 0, Errors: 0, Skipped: 0, Time elapsed: 0.001 s - in original.[1mCompareTest[m
[[1;34mINFO[m] Running original.[1mFileNameCheckTest[m
[[1;34mINFO[m] [1;32mTests run: [0;1;32m1[m, Failures: 0, Errors: 0, Skipped: 0, Time elapsed: 0.001 s - in original.[1mFileNameCheckTest[m
[[1;34mINFO[m] Running original.[1mFlipCaseTest[m
[[1;34mINFO[m] [1;32mTests run: [0;1;32m1[m, Failures: 0, Errors: 0, Skipped: 0, Time elapsed: 0.001 s - in original.[1mFlipCaseTest[m
[[1;34mINFO[m] Running original.[1mClosestIntegerTest[m
[[1;34mINFO[m] [1;32mTests run: [0;1;32m1[m, Failures: 0, Errors: 0, Skipped: 0, Time elapsed: 0.001 s - in original.[1mClosestIntegerTest[m
[[1;34mINFO[m] Running original.[1mSpecialFactorialTest[m
[[1;34mINFO[m] [1;32mTests run: [0;1;32m1[m, Failures: 0, Errors: 0, Skipped: 0, Time elapsed: 0.001 s - in original.[1mSpecialFactorialTest[m
[[1;34mINFO[m] Running original.[1mSolutionTest[m
[[1;34mINFO[m] [1;32mTests run: [0;1;32m1[m, Failures: 0, Errors: 0, Skipped: 0, Time elapsed: 0.001 s - in original.[1mSolutionTest[m
[[1;34mINFO[m] Running original.[1mIsPalindromeTest[m
[[1;34mINFO[m] [1;32mTests run: [0;1;32m1[m, Failures: 0, Errors: 0, Skipped: 0, Time elapsed: 0.001 s - in original.[1mIsPalindromeTest[m
[[1;34mINFO[m] Running original.[1mDoubleTheDifferenceTest[m
[[1;34mINFO[m] [1;32mTests run: [0;1;32m1[m, Failures: 0, Errors: 0, Skipped: 0, Time elapsed: 0.001 s - in original.[1mDoubleTheDifferenceTest[m
[[1;34mINFO[m] Running original.[1mFindMaxTest[m
[[1;34mINFO[m] [1;32mTests run: [0;1;32m1[m, Failures: 0, Errors: 0, Skipped: 0, Time elapsed: 0.001 s - in original.[1mFindMaxTest[m
[[1;34mINFO[m] Running original.[1mCarRaceCollisionTest[m
[[1;34mINFO[m] [1;32mTests run: [0;1;32m1[m, Failures: 0, Errors: 0, Skipped: 0, Time elapsed: 0.001 s - in original.[1mCarRaceCollisionTest[m
[[1;34mINFO[m] Running original.[1mIsNestedTest[m
[[1;34mINFO[m] [1;32mTests run: [0;1;32m1[m, Failures: 0, Errors: 0, Skipped: 0, Time elapsed: 0.001 s - in original.[1mIsNestedTest[m
[[1;34mINFO[m] Running original.[1mRemoveVowelsTest[m
[[1;34mINFO[m] [1;32mTests run: [0;1;32m1[m, Failures: 0, Errors: 0, Skipped: 0, Time elapsed: 0.001 s - in original.[1mRemoveVowelsTest[m
[[1;34mINFO[m] Running original.[1mProdSignsTest[m
[[1;34mINFO[m] [1;32mTests run: [0;1;32m1[m, Failures: 0, Errors: 0, Skipped: 0, Time elapsed: 0.001 s - in original.[1mProdSignsTest[m
[[1;34mINFO[m] Running original.[1mWillItFlyTest[m
[[1;34mINFO[m] [1;32mTests run: [0;1;32m1[m, Failures: 0, Errors: 0, Skipped: 0, Time elapsed: 0.001 s - in original.[1mWillItFlyTest[m
[[1;34mINFO[m] Running original.[1mSumSquares1Test[m
[[1;34mINFO[m] [1;32mTests run: [0;1;32m1[m, Failures: 0, Errors: 0, Skipped: 0, Time elapsed: 0.001 s - in original.[1mSumSquares1Test[m
[[1;34mINFO[m] Running original.[1mIsMultiplyPrimeTest[m
[[1;34mINFO[m] [1;32mTests run: [0;1;32m1[m, Failures: 0, Errors: 0, Skipped: 0, Time elapsed: 0 s - in original.[1mIsMultiplyPrimeTest[m
[[1;34mINFO[m] Running original.[1mRemoveDuplicatesTest[m
[[1;34mINFO[m] [1;32mTests run: [0;1;32m1[m, Failures: 0, Errors: 0, Skipped: 0, Time elapsed: 0.001 s - in original.[1mRemoveDuplicatesTest[m
[[1;34mINFO[m] Running original.[1mFizzBuzzTest[m
[[1;34mINFO[m] [1;32mTests run: [0;1;32m1[m, Failures: 0, Errors: 0, Skipped: 0, Time elapsed: 0.001 s - in original.[1mFizzBuzzTest[m
[[1;34mINFO[m] Running original.[1mStrongestExtensionTest[m
[[1;34mINFO[m] [1;32mTests run: [0;1;32m1[m, Failures: 0, Errors: 0, Skipped: 0, Time elapsed: 0.002 s - in original.[1mStrongestExtensionTest[m
[[1;34mINFO[m] Running original.[1mBelowZeroTest[m
[[1;34mINFO[m] [1;32mTests run: [0;1;32m1[m, Failures: 0, Errors: 0, Skipped: 0, Time elapsed: 0.001 s - in original.[1mBelowZeroTest[m
[[1;34mINFO[m] Running original.[1mParseNestedParensTest[m
[[1;34mINFO[m] [1;32mTests run: [0;1;32m1[m, Failures: 0, Errors: 0, Skipped: 0, Time elapsed: 0.001 s - in original.[1mParseNestedParensTest[m
[[1;34mINFO[m] Running original.[1mIsBoredTest[m
[[1;34mINFO[m] [1;32mTests run: [0;1;32m1[m, Failures: 0, Errors: 0, Skipped: 0, Time elapsed: 0.001 s - in original.[1mIsBoredTest[m
[[1;34mINFO[m] Running original.[1mSimplifyTest[m
[[1;34mINFO[m] [1;32mTests run: [0;1;32m1[m, Failures: 0, Errors: 0, Skipped: 0, Time elapsed: 0.001 s - in original.[1mSimplifyTest[m
[[1;34mINFO[m] Running original.[1mIsSortedTest[m
[[1;34mINFO[m] [1;32mTests run: [0;1;32m1[m, Failures: 0, Errors: 0, Skipped: 0, Time elapsed: 0 s - in original.[1mIsSortedTest[m
[[1;34mINFO[m] Running original.[1mCycpatternCheckTest[m
[[1;34mINFO[m] [1;32mTests run: [0;1;32m1[m, Failures: 0, Errors: 0, Skipped: 0, Time elapsed: 0.001 s - in original.[1mCycpatternCheckTest[m
[[1;34mINFO[m] Running original.[1mChooseNumTest[m
[[1;34mINFO[m] [1;32mTests run: [0;1;32m1[m, Failures: 0, Errors: 0, Skipped: 0, Time elapsed: 0.001 s - in original.[1mChooseNumTest[m
[[1;34mINFO[m] Running original.[1mSkjkasdkdTest[m
[[1;34mINFO[m] [1;32mTests run: [0;1;32m1[m, Failures: 0, Errors: 0, Skipped: 0, Time elapsed: 0.001 s - in original.[1mSkjkasdkdTest[m
[[1;34mINFO[m] Running original.[1mMaxFillTest[m
[[1;34mINFO[m] [1;32mTests run: [0;1;32m1[m, Failures: 0, Errors: 0, Skipped: 0, Time elapsed: 0.001 s - in original.[1mMaxFillTest[m
[[1;34mINFO[m] Running original.[1mNumericalLetterGradeTest[m
[[1;34mINFO[m] [1;32mTests run: [0;1;32m1[m, Failures: 0, Errors: 0, Skipped: 0, Time elapsed: 0.001 s - in original.[1mNumericalLetterGradeTest[m
[[1;34mINFO[m] Running original.[1mStringToMd5Test[m
[[1;34mINFO[m] [1;32mTests run: [0;1;32m1[m, Failures: 0, Errors: 0, Skipped: 0, Time elapsed: 0.001 s - in original.[1mStringToMd5Test[m
[[1;34mINFO[m] Running original.[1mSolveTest[m
[[1;34mINFO[m] [1;32mTests run: [0;1;32m1[m, Failures: 0, Errors: 0, Skipped: 0, Time elapsed: 0.001 s - in original.[1mSolveTest[m
[[1;34mINFO[m] Running original.[1mDigitsumTest[m
[[1;34mINFO[m] [1;32mTests run: [0;1;32m1[m, Failures: 0, Errors: 0, Skipped: 0, Time elapsed: 0.001 s - in original.[1mDigitsumTest[m
[[1;34mINFO[m] Running original.[1mIsHappyTest[m
[[1;34mINFO[m] [1;32mTests run: [0;1;32m1[m, Failures: 0, Errors: 0, Skipped: 0, Time elapsed: 0.001 s - in original.[1mIsHappyTest[m
[[1;34mINFO[m] Running original.[1mUniqueTest[m
[[1;34mINFO[m] [1;32mTests run: [0;1;32m1[m, Failures: 0, Errors: 0, Skipped: 0, Time elapsed: 0.001 s - in original.[1mUniqueTest[m
[[1;34mINFO[m] Running original.[1mTriplesSumToZeroTest[m
[[1;34mINFO[m] [1;32mTests run: [0;1;32m1[m, Failures: 0, Errors: 0, Skipped: 0, Time elapsed: 0.001 s - in original.[1mTriplesSumToZeroTest[m
[[1;34mINFO[m] Running original.[1mDerivativeTest[m
[[1;34mINFO[m] [1;32mTests run: [0;1;32m1[m, Failures: 0, Errors: 0, Skipped: 0, Time elapsed: 0 s - in original.[1mDerivativeTest[m
[[1;34mINFO[m] Running original.[1mPluckTest[m
[[1;34mINFO[m] [1;32mTests run: [0;1;32m1[m, Failures: 0, Errors: 0, Skipped: 0, Time elapsed: 0 s - in original.[1mPluckTest[m
[[1;34mINFO[m] Running original.[1mFactorizeTest[m
[[1;34mINFO[m] [1;32mTests run: [0;1;32m1[m, Failures: 0, Errors: 0, Skipped: 0, Time elapsed: 0 s - in original.[1mFactorizeTest[m
[[1;34mINFO[m] Running original.[1mMatchParensTest[m
[[1;34mINFO[m] [1;32mTests run: [0;1;32m1[m, Failures: 0, Errors: 0, Skipped: 0, Time elapsed: 0.001 s - in original.[1mMatchParensTest[m
[[1;34mINFO[m] Running original.[1mCountNumsTest[m
[[1;34mINFO[m] [1;32mTests run: [0;1;32m1[m, Failures: 0, Errors: 0, Skipped: 0, Time elapsed: 0 s - in original.[1mCountNumsTest[m
[[1;34mINFO[m] Running original.[1mDecimalToBinaryTest[m
[[1;34mINFO[m] [1;32mTests run: [0;1;32m1[m, Failures: 0, Errors: 0, Skipped: 0, Time elapsed: 0 s - in original.[1mDecimalToBinaryTest[m
[[1;34mINFO[m] Running original.[1mFilterBySubstringTest[m
[[1;34mINFO[m] [1;32mTests run: [0;1;32m1[m, Failures: 0, Errors: 0, Skipped: 0, Time elapsed: 0.001 s - in original.[1mFilterBySubstringTest[m
[[1;34mINFO[m] Running original.[1mValidDateTest[m
[[1;34mINFO[m] [1;32mTests run: [0;1;32m1[m, Failures: 0, Errors: 0, Skipped: 0, Time elapsed: 0.001 s - in original.[1mValidDateTest[m
[[1;34mINFO[m] Running original.[1mSumProductTest[m
[[1;34mINFO[m] [1;32mTests run: [0;1;32m1[m, Failures: 0, Errors: 0, Skipped: 0, Time elapsed: 0.001 s - in original.[1mSumProductTest[m
[[1;34mINFO[m] Running original.[1mFTest[m
[[1;34mINFO[m] [1;32mTests run: [0;1;32m1[m, Failures: 0, Errors: 0, Skipped: 0, Time elapsed: 0.001 s - in original.[1mFTest[m
[[1;34mINFO[m] Running original.[1mMakePalindromeTest[m
[[1;34mINFO[m] [1;32mTests run: [0;1;32m1[m, Failures: 0, Errors: 0, Skipped: 0, Time elapsed: 0.001 s - in original.[1mMakePalindromeTest[m
[[1;34mINFO[m] Running original.[1mGetMaxTriplesTest[m
[[1;34mINFO[m] [1;32mTests run: [0;1;32m1[m, Failures: 0, Errors: 0, Skipped: 0, Time elapsed: 0.001 s - in original.[1mGetMaxTriplesTest[m
[[1;34mINFO[m] Running original.[1mFilterIntegersTest[m
[[1;34mINFO[m] [1;32mTests run: [0;1;32m1[m, Failures: 0, Errors: 0, Skipped: 0, Time elapsed: 0.001 s - in original.[1mFilterIntegersTest[m
[[1;34mINFO[m] Running original.[1mHowManyTimesTest[m
[[1;34mINFO[m] [1;32mTests run: [0;1;32m1[m, Failures: 0, Errors: 0, Skipped: 0, Time elapsed: 0 s - in original.[1mHowManyTimesTest[m
[[1;34mINFO[m] Running original.[1mLargestPrimeFactorTest[m
[[1;34mINFO[m] [1;32mTests run: [0;1;32m1[m, Failures: 0, Errors: 0, Skipped: 0, Time elapsed: 0 s - in original.[1mLargestPrimeFactorTest[m
[[1;34mINFO[m] Running original.[1mNextSmallestTest[m
[[1;34mINFO[m] [1;32mTests run: [0;1;32m1[m, Failures: 0, Errors: 0, Skipped: 0, Time elapsed: 0.001 s - in original.[1mNextSmallestTest[m
[[1;34mINFO[m] Running original.[1mIsPrimeTest[m
[[1;34mINFO[m] [1;32mTests run: [0;1;32m1[m, Failures: 0, Errors: 0, Skipped: 0, Time elapsed: 0.001 s - in original.[1mIsPrimeTest[m
[[1;34mINFO[m] Running original.[1mXOrYTest[m
[[1;34mINFO[m] [1;32mTests run: [0;1;32m1[m, Failures: 0, Errors: 0, Skipped: 0, Time elapsed: 0.001 s - in original.[1mXOrYTest[m
[[1;34mINFO[m] 
[[1;34mINFO[m] Results:
[[1;34mINFO[m] 
[[1;31mERROR[m] [1;31mFailures: [m
[[1;31mERROR[m] [1;31m  SearchTest.testSearch:14 expected: <4> but was: <2>[m
[[1;34mINFO[m] 
[[1;31mERROR[m] [1;31mTests run: 160, Failures: 1, Errors: 0, Skipped: 0[m
[[1;34mINFO[m] 
[[1;34mINFO[m] [1m------------------------------------------------------------------------[m
[[1;34mINFO[m] [1;31mBUILD FAILURE[m
[[1;34mINFO[m] [1m------------------------------------------------------------------------[m
[[1;34mINFO[m] Total time:  2.631 s
[[1;34mINFO[m] Finished at: 2025-05-26T18:58:31+01:00
[[1;34mINFO[m] [1m------------------------------------------------------------------------[m
[[1;31mERROR[m] Failed to execute goal [32morg.apache.maven.plugins:maven-surefire-plugin:3.0.0:test[m [1m(default-test)[m on project [36mHumanEvalJava[m: [1;31mThere are test failures.[m
[[1;31mERROR[m] [1;31m[m
[[1;31mERROR[m] [1;31mPlease refer to /home/qinghua/projects/matg/data/HumanEvalJava/candor_initialize_1/target/surefire-reports for the individual test results.[m
[[1;31mERROR[m] [1;31mPlease refer to dump files (if any exist) [date].dump, [date]-jvmRun[N].dump and [date].dumpstream.[m
[[1;31mERROR[m] -> [1m[Help 1][m
[[1;31mERROR[m] 
[[1;31mERROR[m] To see the full stack trace of the errors, re-run Maven with the [1m-e[m switch.
[[1;31mERROR[m] Re-run Maven using the [1m-X[m switch to enable full debug logging.
[[1;31mERROR[m] 
[[1;31mERROR[m] For more information about the errors and possible solutions, please read the following articles:
[[1;31mERROR[m] [1m[Help 1][m http://cwiki.apache.org/confluence/display/MAVEN/MojoFailureException

2025-05-26 18:58:31,788   INFO : 🚨🚨🚨 🚀 🚀 🚀 ----- 🤖 AGENT Initializer: Generating initial test file ----- 🚀 🚀 🚀 🚨🚨🚨 
2025-05-26 18:58:44,792   INFO : Test failed:  
 [[1;34mINFO[m] Scanning for projects...
[[1;33mWARNING[m] 
[[1;33mWARNING[m] Some problems were encountered while building the effective model for mbxp:HumanEvalJava:jar:1.0
[[1;33mWARNING[m] 'build.plugins.plugin.version' for org.apache.maven.plugins:maven-site-plugin is missing. @ line 74, column 21
[[1;33mWARNING[m] 
[[1;33mWARNING[m] It is highly recommended to fix these problems because they threaten the stability of your build.
[[1;33mWARNING[m] 
[[1;33mWARNING[m] For this reason, future Maven versions might no longer support building such malformed projects.
[[1;33mWARNING[m] 
[[1;34mINFO[m] 
[[1;34mINFO[m] [1m-------------------------< [0;36mmbxp:HumanEvalJava[0;1m >-------------------------[m
[[1;34mINFO[m] [1mBuilding HumanEvalJava 1.0[m
[[1;34mINFO[m] [1m--------------------------------[ jar ]---------------------------------[m
[[1;34mINFO[m] 
[[1;34mINFO[m] [1m--- [0;32mmaven-clean-plugin:2.5:clean[m [1m(default-clean)[m @ [36mHumanEvalJava[0;1m ---[m
[[1;34mINFO[m] Deleting /home/qinghua/projects/matg/data/HumanEvalJava/candor_initialize_1/target
[[1;34mINFO[m] 
[[1;34mINFO[m] [1m--- [0;32mjacoco-maven-plugin:0.8.8:prepare-agent[m [1m(default-prepare-agent)[m @ [36mHumanEvalJava[0;1m ---[m
[[1;34mINFO[m] argLine set to -javaagent:/home/qinghua/.m2/repository/org/jacoco/org.jacoco.agent/0.8.8/org.jacoco.agent-0.8.8-runtime.jar=destfile=/home/qinghua/projects/matg/data/HumanEvalJava/candor_initialize_1/target/jacoco.exec
[[1;34mINFO[m] 
[[1;34mINFO[m] [1m--- [0;32mmaven-resources-plugin:2.6:resources[m [1m(default-resources)[m @ [36mHumanEvalJava[0;1m ---[m
[[1;34mINFO[m] Using 'UTF-8' encoding to copy filtered resources.
[[1;34mINFO[m] skip non existing resourceDirectory /home/qinghua/projects/matg/data/HumanEvalJava/candor_initialize_1/src/main/resources
[[1;34mINFO[m] 
[[1;34mINFO[m] [1m--- [0;32mmaven-compiler-plugin:3.11.0:compile[m [1m(default-compile)[m @ [36mHumanEvalJava[0;1m ---[m
[[1;34mINFO[m] Changes detected - recompiling the module! :source
[[1;34mINFO[m] Compiling 160 source files with javac [debug target 11] to target/classes
[[1;33mWARNING[m] /home/qinghua/projects/matg/data/HumanEvalJava/candor_initialize_1/src/main/java/original/id_101.java:[35,30] non-varargs call of varargs method with inexact argument type for last parameter;
  cast to java.lang.Object for a varargs call
  cast to java.lang.Object[] for a non-varargs call and to suppress this warning
[[1;34mINFO[m] /home/qinghua/projects/matg/data/HumanEvalJava/candor_initialize_1/src/main/java/original/id_87.java: /home/qinghua/projects/matg/data/HumanEvalJava/candor_initialize_1/src/main/java/original/id_87.java uses unchecked or unsafe operations.
[[1;34mINFO[m] /home/qinghua/projects/matg/data/HumanEvalJava/candor_initialize_1/src/main/java/original/id_87.java: Recompile with -Xlint:unchecked for details.
[[1;34mINFO[m] 
[[1;34mINFO[m] [1m--- [0;32mmaven-resources-plugin:2.6:testResources[m [1m(default-testResources)[m @ [36mHumanEvalJava[0;1m ---[m
[[1;34mINFO[m] Using 'UTF-8' encoding to copy filtered resources.
[[1;34mINFO[m] skip non existing resourceDirectory /home/qinghua/projects/matg/data/HumanEvalJava/candor_initialize_1/src/test/resources
[[1;34mINFO[m] 
[[1;34mINFO[m] [1m--- [0;32mmaven-compiler-plugin:3.11.0:testCompile[m [1m(default-testCompile)[m @ [36mHumanEvalJava[0;1m ---[m
[[1;34mINFO[m] Changes detected - recompiling the module! :dependency
[[1;34mINFO[m] Compiling 160 source files with javac [debug target 11] to target/test-classes
[[1;34mINFO[m] /home/qinghua/projects/matg/data/HumanEvalJava/candor_initialize_1/src/test/java/original/id_125Test.java: /home/qinghua/projects/matg/data/HumanEvalJava/candor_initialize_1/src/test/java/original/id_125Test.java uses unchecked or unsafe operations.
[[1;34mINFO[m] /home/qinghua/projects/matg/data/HumanEvalJava/candor_initialize_1/src/test/java/original/id_125Test.java: Recompile with -Xlint:unchecked for details.
[[1;34mINFO[m] -------------------------------------------------------------
[[1;31mERROR[m] COMPILATION ERROR : 
[[1;34mINFO[m] -------------------------------------------------------------
[[1;31mERROR[m] /home/qinghua/projects/matg/data/HumanEvalJava/candor_initialize_1/src/test/java/original/id_69Test.java:[13,34] cannot find symbol
  symbol:   class ArrayList
  location: class original.SearchTest
[[1;34mINFO[m] 1 error
[[1;34mINFO[m] -------------------------------------------------------------
[[1;34mINFO[m] [1m------------------------------------------------------------------------[m
[[1;34mINFO[m] [1;31mBUILD FAILURE[m
[[1;34mINFO[m] [1m------------------------------------------------------------------------[m
[[1;34mINFO[m] Total time:  1.511 s
[[1;34mINFO[m] Finished at: 2025-05-26T18:58:44+01:00
[[1;34mINFO[m] [1m------------------------------------------------------------------------[m
[[1;31mERROR[m] Failed to execute goal [32morg.apache.maven.plugins:maven-compiler-plugin:3.11.0:testCompile[m [1m(default-testCompile)[m on project [36mHumanEvalJava[m: [1;31mCompilation failure[m
[[1;31mERROR[m] [1;31m/home/qinghua/projects/matg/data/HumanEvalJava/candor_initialize_1/src/test/java/original/id_69Test.java:[13,34] cannot find symbol[m
[[1;31mERROR[m] [1;31m  symbol:   class ArrayList[m
[[1;31mERROR[m] [1;31m  location: class original.SearchTest[m
[[1;31mERROR[m] [1;31m[m
[[1;31mERROR[m] -> [1m[Help 1][m
[[1;31mERROR[m] 
[[1;31mERROR[m] To see the full stack trace of the errors, re-run Maven with the [1m-e[m switch.
[[1;31mERROR[m] Re-run Maven using the [1m-X[m switch to enable full debug logging.
[[1;31mERROR[m] 
[[1;31mERROR[m] For more information about the errors and possible solutions, please read the following articles:
[[1;31mERROR[m] [1m[Help 1][m http://cwiki.apache.org/confluence/display/MAVEN/MojoFailureException

2025-05-26 18:58:44,792   ERROR : Error creating test file: [Errno 2] No such file or directory: '/home/qinghua/projects/matg/data/HumanEvalJava/candor_initialize_1/src/test/java/original/id_69Test.java'
2025-05-26 18:58:49,484   INFO : 

 Processing file: /home/qinghua/projects/matg/data/HumanEvalJava/candor_initialize_1/src/main/java/original/id_76.java (160/160)
2025-05-26 18:58:49,484   INFO : Test file already exists at /home/qinghua/projects/matg/data/HumanEvalJava/candor_initialize_1/src/test/java/original/id_76Test.java
2025-05-26 18:58:49,485   INFO : 

 Processing file: /home/qinghua/projects/matg/data/HumanEvalJava/candor_initialize_2/src/main/java/original/id_150.java (1/160)
2025-05-26 18:58:49,486   INFO : Test file already exists at /home/qinghua/projects/matg/data/HumanEvalJava/candor_initialize_2/src/test/java/original/id_150Test.java
2025-05-26 18:58:49,486   INFO : 

 Processing file: /home/qinghua/projects/matg/data/HumanEvalJava/candor_initialize_2/src/main/java/original/id_130.java (2/160)
2025-05-26 18:58:49,486   INFO : Test file already exists at /home/qinghua/projects/matg/data/HumanEvalJava/candor_initialize_2/src/test/java/original/id_130Test.java
2025-05-26 18:58:49,486   INFO : 

 Processing file: /home/qinghua/projects/matg/data/HumanEvalJava/candor_initialize_2/src/main/java/original/id_146.java (3/160)
2025-05-26 18:58:49,486   INFO : Test file already exists at /home/qinghua/projects/matg/data/HumanEvalJava/candor_initialize_2/src/test/java/original/id_146Test.java
2025-05-26 18:58:49,486   INFO : 

 Processing file: /home/qinghua/projects/matg/data/HumanEvalJava/candor_initialize_2/src/main/java/original/id_39.java (4/160)
2025-05-26 18:58:49,486   INFO : Test file already exists at /home/qinghua/projects/matg/data/HumanEvalJava/candor_initialize_2/src/test/java/original/id_39Test.java
2025-05-26 18:58:49,486   INFO : 

 Processing file: /home/qinghua/projects/matg/data/HumanEvalJava/candor_initialize_2/src/main/java/original/id_53.java (5/160)
2025-05-26 18:58:49,486   INFO : Test file already exists at /home/qinghua/projects/matg/data/HumanEvalJava/candor_initialize_2/src/test/java/original/id_53Test.java
2025-05-26 18:58:49,486   INFO : 

 Processing file: /home/qinghua/projects/matg/data/HumanEvalJava/candor_initialize_2/src/main/java/original/id_31.java (6/160)
2025-05-26 18:58:49,486   INFO : Test file already exists at /home/qinghua/projects/matg/data/HumanEvalJava/candor_initialize_2/src/test/java/original/id_31Test.java
2025-05-26 18:58:49,486   INFO : 

 Processing file: /home/qinghua/projects/matg/data/HumanEvalJava/candor_initialize_2/src/main/java/original/id_72.java (7/160)
2025-05-26 18:58:49,486   INFO : Test file already exists at /home/qinghua/projects/matg/data/HumanEvalJava/candor_initialize_2/src/test/java/original/id_72Test.java
2025-05-26 18:58:49,486   INFO : 

 Processing file: /home/qinghua/projects/matg/data/HumanEvalJava/candor_initialize_2/src/main/java/original/id_109.java (8/160)
2025-05-26 18:58:49,487   INFO : Test file already exists at /home/qinghua/projects/matg/data/HumanEvalJava/candor_initialize_2/src/test/java/original/id_109Test.java
2025-05-26 18:58:49,487   INFO : 

 Processing file: /home/qinghua/projects/matg/data/HumanEvalJava/candor_initialize_2/src/main/java/original/id_111.java (9/160)
2025-05-26 18:58:49,487   INFO : Test file already exists at /home/qinghua/projects/matg/data/HumanEvalJava/candor_initialize_2/src/test/java/original/id_111Test.java
2025-05-26 18:58:49,487   INFO : 

 Processing file: /home/qinghua/projects/matg/data/HumanEvalJava/candor_initialize_2/src/main/java/original/id_133.java (10/160)
2025-05-26 18:58:49,487   INFO : Test file already exists at /home/qinghua/projects/matg/data/HumanEvalJava/candor_initialize_2/src/test/java/original/id_133Test.java
2025-05-26 18:58:49,487   INFO : 

 Processing file: /home/qinghua/projects/matg/data/HumanEvalJava/candor_initialize_2/src/main/java/original/id_144.java (11/160)
2025-05-26 18:58:49,487   INFO : Test file already exists at /home/qinghua/projects/matg/data/HumanEvalJava/candor_initialize_2/src/test/java/original/id_144Test.java
2025-05-26 18:58:49,487   INFO : 

 Processing file: /home/qinghua/projects/matg/data/HumanEvalJava/candor_initialize_2/src/main/java/original/id_8.java (12/160)
2025-05-26 18:58:49,487   INFO : Test file already exists at /home/qinghua/projects/matg/data/HumanEvalJava/candor_initialize_2/src/test/java/original/id_8Test.java
2025-05-26 18:58:49,487   INFO : 

 Processing file: /home/qinghua/projects/matg/data/HumanEvalJava/candor_initialize_2/src/main/java/original/id_119.java (13/160)
2025-05-26 18:58:49,487   INFO : Test file already exists at /home/qinghua/projects/matg/data/HumanEvalJava/candor_initialize_2/src/test/java/original/id_119Test.java
2025-05-26 18:58:49,487   INFO : 

 Processing file: /home/qinghua/projects/matg/data/HumanEvalJava/candor_initialize_2/src/main/java/original/id_102.java (14/160)
2025-05-26 18:58:49,487   INFO : Test file already exists at /home/qinghua/projects/matg/data/HumanEvalJava/candor_initialize_2/src/test/java/original/id_102Test.java
2025-05-26 18:58:49,487   INFO : 

 Processing file: /home/qinghua/projects/matg/data/HumanEvalJava/candor_initialize_2/src/main/java/original/id_85.java (15/160)
2025-05-26 18:58:49,487   INFO : Test file already exists at /home/qinghua/projects/matg/data/HumanEvalJava/candor_initialize_2/src/test/java/original/id_85Test.java
2025-05-26 18:58:49,487   INFO : 

 Processing file: /home/qinghua/projects/matg/data/HumanEvalJava/candor_initialize_2/src/main/java/original/id_88.java (16/160)
2025-05-26 18:58:49,487   INFO : Test file already exists at /home/qinghua/projects/matg/data/HumanEvalJava/candor_initialize_2/src/test/java/original/id_88Test.java
2025-05-26 18:58:49,487   INFO : 

 Processing file: /home/qinghua/projects/matg/data/HumanEvalJava/candor_initialize_2/src/main/java/original/id_11.java (17/160)
2025-05-26 18:58:49,487   INFO : Test file already exists at /home/qinghua/projects/matg/data/HumanEvalJava/candor_initialize_2/src/test/java/original/id_11Test.java
2025-05-26 18:58:49,487   INFO : 

 Processing file: /home/qinghua/projects/matg/data/HumanEvalJava/candor_initialize_2/src/main/java/original/id_154.java (18/160)
2025-05-26 18:58:49,487   INFO : Test file already exists at /home/qinghua/projects/matg/data/HumanEvalJava/candor_initialize_2/src/test/java/original/id_154Test.java
2025-05-26 18:58:49,487   INFO : 

 Processing file: /home/qinghua/projects/matg/data/HumanEvalJava/candor_initialize_2/src/main/java/original/id_42.java (19/160)
2025-05-26 18:58:49,487   INFO : Test file already exists at /home/qinghua/projects/matg/data/HumanEvalJava/candor_initialize_2/src/test/java/original/id_42Test.java
2025-05-26 18:58:49,487   INFO : 

 Processing file: /home/qinghua/projects/matg/data/HumanEvalJava/candor_initialize_2/src/main/java/original/id_136.java (20/160)
2025-05-26 18:58:49,487   INFO : Test file already exists at /home/qinghua/projects/matg/data/HumanEvalJava/candor_initialize_2/src/test/java/original/id_136Test.java
2025-05-26 18:58:49,487   INFO : 

 Processing file: /home/qinghua/projects/matg/data/HumanEvalJava/candor_initialize_2/src/main/java/original/id_125.java (21/160)
2025-05-26 18:58:49,487   INFO : Test file already exists at /home/qinghua/projects/matg/data/HumanEvalJava/candor_initialize_2/src/test/java/original/id_125Test.java
2025-05-26 18:58:49,487   INFO : 

 Processing file: /home/qinghua/projects/matg/data/HumanEvalJava/candor_initialize_2/src/main/java/original/id_48.java (22/160)
2025-05-26 18:58:49,488   INFO : Test file already exists at /home/qinghua/projects/matg/data/HumanEvalJava/candor_initialize_2/src/test/java/original/id_48Test.java
2025-05-26 18:58:49,488   INFO : 

 Processing file: /home/qinghua/projects/matg/data/HumanEvalJava/candor_initialize_2/src/main/java/original/id_84.java (23/160)
2025-05-26 18:58:49,488   INFO : Test file already exists at /home/qinghua/projects/matg/data/HumanEvalJava/candor_initialize_2/src/test/java/original/id_84Test.java
2025-05-26 18:58:49,488   INFO : 

 Processing file: /home/qinghua/projects/matg/data/HumanEvalJava/candor_initialize_2/src/main/java/original/id_81.java (24/160)
2025-05-26 18:58:49,488   INFO : Test file already exists at /home/qinghua/projects/matg/data/HumanEvalJava/candor_initialize_2/src/test/java/original/id_81Test.java
2025-05-26 18:58:49,488   INFO : 

 Processing file: /home/qinghua/projects/matg/data/HumanEvalJava/candor_initialize_2/src/main/java/original/id_71.java (25/160)
2025-05-26 18:58:49,488   INFO : Test file already exists at /home/qinghua/projects/matg/data/HumanEvalJava/candor_initialize_2/src/test/java/original/id_71Test.java
2025-05-26 18:58:49,488   INFO : 

 Processing file: /home/qinghua/projects/matg/data/HumanEvalJava/candor_initialize_2/src/main/java/original/id_112.java (26/160)
2025-05-26 18:58:49,488   INFO : Test file already exists at /home/qinghua/projects/matg/data/HumanEvalJava/candor_initialize_2/src/test/java/original/id_112Test.java
2025-05-26 18:58:49,488   INFO : 

 Processing file: /home/qinghua/projects/matg/data/HumanEvalJava/candor_initialize_2/src/main/java/original/id_116.java (27/160)
2025-05-26 18:58:49,488   INFO : Test file already exists at /home/qinghua/projects/matg/data/HumanEvalJava/candor_initialize_2/src/test/java/original/id_116Test.java
2025-05-26 18:58:49,488   INFO : 

 Processing file: /home/qinghua/projects/matg/data/HumanEvalJava/candor_initialize_2/src/main/java/original/id_73.java (28/160)
2025-05-26 18:58:49,488   INFO : Test file already exists at /home/qinghua/projects/matg/data/HumanEvalJava/candor_initialize_2/src/test/java/original/id_73Test.java
2025-05-26 18:58:49,488   INFO : 

 Processing file: /home/qinghua/projects/matg/data/HumanEvalJava/candor_initialize_2/src/main/java/original/id_99.java (29/160)
2025-05-26 18:58:49,488   INFO : Test file already exists at /home/qinghua/projects/matg/data/HumanEvalJava/candor_initialize_2/src/test/java/original/id_99Test.java
2025-05-26 18:58:49,488   INFO : 

 Processing file: /home/qinghua/projects/matg/data/HumanEvalJava/candor_initialize_2/src/main/java/original/id_92.java (30/160)
2025-05-26 18:58:49,488   INFO : Test file already exists at /home/qinghua/projects/matg/data/HumanEvalJava/candor_initialize_2/src/test/java/original/id_92Test.java
2025-05-26 18:58:49,488   INFO : 

 Processing file: /home/qinghua/projects/matg/data/HumanEvalJava/candor_initialize_2/src/main/java/original/id_79.java (31/160)
2025-05-26 18:58:49,488   INFO : Test file already exists at /home/qinghua/projects/matg/data/HumanEvalJava/candor_initialize_2/src/test/java/original/id_79Test.java
2025-05-26 18:58:49,488   INFO : 

 Processing file: /home/qinghua/projects/matg/data/HumanEvalJava/candor_initialize_2/src/main/java/original/id_49.java (32/160)
2025-05-26 18:58:49,488   INFO : Test file already exists at /home/qinghua/projects/matg/data/HumanEvalJava/candor_initialize_2/src/test/java/original/id_49Test.java
2025-05-26 18:58:49,488   INFO : 

 Processing file: /home/qinghua/projects/matg/data/HumanEvalJava/candor_initialize_2/src/main/java/original/id_1.java (33/160)
2025-05-26 18:58:49,488   INFO : Test file already exists at /home/qinghua/projects/matg/data/HumanEvalJava/candor_initialize_2/src/test/java/original/id_1Test.java
2025-05-26 18:58:49,488   INFO : 

 Processing file: /home/qinghua/projects/matg/data/HumanEvalJava/candor_initialize_2/src/main/java/original/id_120.java (34/160)
2025-05-26 18:58:49,488   INFO : Test file already exists at /home/qinghua/projects/matg/data/HumanEvalJava/candor_initialize_2/src/test/java/original/id_120Test.java
2025-05-26 18:58:49,488   INFO : 

 Processing file: /home/qinghua/projects/matg/data/HumanEvalJava/candor_initialize_2/src/main/java/original/id_139.java (35/160)
2025-05-26 18:58:49,488   INFO : Test file already exists at /home/qinghua/projects/matg/data/HumanEvalJava/candor_initialize_2/src/test/java/original/id_139Test.java
2025-05-26 18:58:49,488   INFO : 

 Processing file: /home/qinghua/projects/matg/data/HumanEvalJava/candor_initialize_2/src/main/java/original/id_132.java (36/160)
2025-05-26 18:58:49,488   INFO : Test file already exists at /home/qinghua/projects/matg/data/HumanEvalJava/candor_initialize_2/src/test/java/original/id_132Test.java
2025-05-26 18:58:49,488   INFO : 

 Processing file: /home/qinghua/projects/matg/data/HumanEvalJava/candor_initialize_2/src/main/java/original/id_93.java (37/160)
2025-05-26 18:58:49,488   INFO : Test file already exists at /home/qinghua/projects/matg/data/HumanEvalJava/candor_initialize_2/src/test/java/original/id_93Test.java
2025-05-26 18:58:49,488   INFO : 

 Processing file: /home/qinghua/projects/matg/data/HumanEvalJava/candor_initialize_2/src/main/java/original/id_16.java (38/160)
2025-05-26 18:58:49,488   INFO : Test file already exists at /home/qinghua/projects/matg/data/HumanEvalJava/candor_initialize_2/src/test/java/original/id_16Test.java
2025-05-26 18:58:49,488   INFO : 

 Processing file: /home/qinghua/projects/matg/data/HumanEvalJava/candor_initialize_2/src/main/java/original/id_80.java (39/160)
2025-05-26 18:58:49,488   INFO : Test file already exists at /home/qinghua/projects/matg/data/HumanEvalJava/candor_initialize_2/src/test/java/original/id_80Test.java
2025-05-26 18:58:49,488   INFO : 

 Processing file: /home/qinghua/projects/matg/data/HumanEvalJava/candor_initialize_2/src/main/java/original/id_23.java (40/160)
2025-05-26 18:58:49,488   INFO : Test file already exists at /home/qinghua/projects/matg/data/HumanEvalJava/candor_initialize_2/src/test/java/original/id_23Test.java
2025-05-26 18:58:49,488   INFO : 

 Processing file: /home/qinghua/projects/matg/data/HumanEvalJava/candor_initialize_2/src/main/java/original/id_140.java (41/160)
2025-05-26 18:58:49,488   INFO : Test file already exists at /home/qinghua/projects/matg/data/HumanEvalJava/candor_initialize_2/src/test/java/original/id_140Test.java
2025-05-26 18:58:49,488   INFO : 

 Processing file: /home/qinghua/projects/matg/data/HumanEvalJava/candor_initialize_2/src/main/java/original/id_123.java (42/160)
2025-05-26 18:58:49,488   INFO : Test file already exists at /home/qinghua/projects/matg/data/HumanEvalJava/candor_initialize_2/src/test/java/original/id_123Test.java
2025-05-26 18:58:49,488   INFO : 

 Processing file: /home/qinghua/projects/matg/data/HumanEvalJava/candor_initialize_2/src/main/java/original/id_28.java (43/160)
2025-05-26 18:58:49,488   INFO : Test file already exists at /home/qinghua/projects/matg/data/HumanEvalJava/candor_initialize_2/src/test/java/original/id_28Test.java
2025-05-26 18:58:49,488   INFO : 

 Processing file: /home/qinghua/projects/matg/data/HumanEvalJava/candor_initialize_2/src/main/java/original/id_34.java (44/160)
2025-05-26 18:58:49,488   INFO : Test file already exists at /home/qinghua/projects/matg/data/HumanEvalJava/candor_initialize_2/src/test/java/original/id_34Test.java
2025-05-26 18:58:49,488   INFO : 

 Processing file: /home/qinghua/projects/matg/data/HumanEvalJava/candor_initialize_2/src/main/java/original/id_153.java (45/160)
2025-05-26 18:58:49,488   INFO : Test file already exists at /home/qinghua/projects/matg/data/HumanEvalJava/candor_initialize_2/src/test/java/original/id_153Test.java
2025-05-26 18:58:49,488   INFO : 

 Processing file: /home/qinghua/projects/matg/data/HumanEvalJava/candor_initialize_2/src/main/java/original/id_3.java (46/160)
2025-05-26 18:58:49,488   INFO : Test file already exists at /home/qinghua/projects/matg/data/HumanEvalJava/candor_initialize_2/src/test/java/original/id_3Test.java
2025-05-26 18:58:49,488   INFO : 

 Processing file: /home/qinghua/projects/matg/data/HumanEvalJava/candor_initialize_2/src/main/java/original/id_83.java (47/160)
2025-05-26 18:58:49,488   INFO : Test file already exists at /home/qinghua/projects/matg/data/HumanEvalJava/candor_initialize_2/src/test/java/original/id_83Test.java
2025-05-26 18:58:49,488   INFO : 

 Processing file: /home/qinghua/projects/matg/data/HumanEvalJava/candor_initialize_2/src/main/java/original/id_18.java (48/160)
2025-05-26 18:58:49,488   INFO : Test file already exists at /home/qinghua/projects/matg/data/HumanEvalJava/candor_initialize_2/src/test/java/original/id_18Test.java
2025-05-26 18:58:49,488   INFO : 

 Processing file: /home/qinghua/projects/matg/data/HumanEvalJava/candor_initialize_2/src/main/java/original/id_10.java (49/160)
2025-05-26 18:58:49,488   INFO : Test file already exists at /home/qinghua/projects/matg/data/HumanEvalJava/candor_initialize_2/src/test/java/original/id_10Test.java
2025-05-26 18:58:49,488   INFO : 

 Processing file: /home/qinghua/projects/matg/data/HumanEvalJava/candor_initialize_2/src/main/java/original/id_74.java (50/160)
2025-05-26 18:58:49,488   INFO : Test file already exists at /home/qinghua/projects/matg/data/HumanEvalJava/candor_initialize_2/src/test/java/original/id_74Test.java
2025-05-26 18:58:49,488   INFO : 

 Processing file: /home/qinghua/projects/matg/data/HumanEvalJava/candor_initialize_2/src/main/java/original/id_15.java (51/160)
2025-05-26 18:58:49,488   INFO : Test file already exists at /home/qinghua/projects/matg/data/HumanEvalJava/candor_initialize_2/src/test/java/original/id_15Test.java
2025-05-26 18:58:49,488   INFO : 

 Processing file: /home/qinghua/projects/matg/data/HumanEvalJava/candor_initialize_2/src/main/java/original/id_9.java (52/160)
2025-05-26 18:58:49,488   INFO : Test file already exists at /home/qinghua/projects/matg/data/HumanEvalJava/candor_initialize_2/src/test/java/original/id_9Test.java
2025-05-26 18:58:49,488   INFO : 

 Processing file: /home/qinghua/projects/matg/data/HumanEvalJava/candor_initialize_2/src/main/java/original/id_33.java (53/160)
2025-05-26 18:58:49,488   INFO : Test file already exists at /home/qinghua/projects/matg/data/HumanEvalJava/candor_initialize_2/src/test/java/original/id_33Test.java
2025-05-26 18:58:49,488   INFO : 

 Processing file: /home/qinghua/projects/matg/data/HumanEvalJava/candor_initialize_2/src/main/java/original/id_0.java (54/160)
2025-05-26 18:58:49,488   INFO : Test file already exists at /home/qinghua/projects/matg/data/HumanEvalJava/candor_initialize_2/src/test/java/original/id_0Test.java
2025-05-26 18:58:49,488   INFO : 

 Processing file: /home/qinghua/projects/matg/data/HumanEvalJava/candor_initialize_2/src/main/java/original/id_19.java (55/160)
2025-05-26 18:58:49,488   INFO : Test file already exists at /home/qinghua/projects/matg/data/HumanEvalJava/candor_initialize_2/src/test/java/original/id_19Test.java
2025-05-26 18:58:49,488   INFO : 

 Processing file: /home/qinghua/projects/matg/data/HumanEvalJava/candor_initialize_2/src/main/java/original/id_158.java (56/160)
2025-05-26 18:58:49,488   INFO : Test file already exists at /home/qinghua/projects/matg/data/HumanEvalJava/candor_initialize_2/src/test/java/original/id_158Test.java
2025-05-26 18:58:49,488   INFO : 

 Processing file: /home/qinghua/projects/matg/data/HumanEvalJava/candor_initialize_2/src/main/java/original/id_135.java (57/160)
2025-05-26 18:58:49,488   INFO : Test file already exists at /home/qinghua/projects/matg/data/HumanEvalJava/candor_initialize_2/src/test/java/original/id_135Test.java
2025-05-26 18:58:49,488   INFO : 

 Processing file: /home/qinghua/projects/matg/data/HumanEvalJava/candor_initialize_2/src/main/java/original/id_95.java (58/160)
2025-05-26 18:58:49,488   INFO : Test file already exists at /home/qinghua/projects/matg/data/HumanEvalJava/candor_initialize_2/src/test/java/original/id_95Test.java
2025-05-26 18:58:49,488   INFO : 

 Processing file: /home/qinghua/projects/matg/data/HumanEvalJava/candor_initialize_2/src/main/java/original/id_117.java (59/160)
2025-05-26 18:58:49,488   INFO : Test file already exists at /home/qinghua/projects/matg/data/HumanEvalJava/candor_initialize_2/src/test/java/original/id_117Test.java
2025-05-26 18:58:49,489   INFO : 

 Processing file: /home/qinghua/projects/matg/data/HumanEvalJava/candor_initialize_2/src/main/java/original/id_67.java (60/160)
2025-05-26 18:58:49,489   INFO : Test file already exists at /home/qinghua/projects/matg/data/HumanEvalJava/candor_initialize_2/src/test/java/original/id_67Test.java
2025-05-26 18:58:49,489   INFO : 

 Processing file: /home/qinghua/projects/matg/data/HumanEvalJava/candor_initialize_2/src/main/java/original/id_66.java (61/160)
2025-05-26 18:58:49,489   INFO : Test file already exists at /home/qinghua/projects/matg/data/HumanEvalJava/candor_initialize_2/src/test/java/original/id_66Test.java
2025-05-26 18:58:49,489   INFO : 

 Processing file: /home/qinghua/projects/matg/data/HumanEvalJava/candor_initialize_2/src/main/java/original/id_41.java (62/160)
2025-05-26 18:58:49,489   INFO : Test file already exists at /home/qinghua/projects/matg/data/HumanEvalJava/candor_initialize_2/src/test/java/original/id_41Test.java
2025-05-26 18:58:49,489   INFO : 

 Processing file: /home/qinghua/projects/matg/data/HumanEvalJava/candor_initialize_2/src/main/java/original/id_29.java (63/160)
2025-05-26 18:58:49,489   INFO : Test file already exists at /home/qinghua/projects/matg/data/HumanEvalJava/candor_initialize_2/src/test/java/original/id_29Test.java
2025-05-26 18:58:49,489   INFO : 

 Processing file: /home/qinghua/projects/matg/data/HumanEvalJava/candor_initialize_2/src/main/java/original/id_78.java (64/160)
2025-05-26 18:58:49,489   INFO : Test file already exists at /home/qinghua/projects/matg/data/HumanEvalJava/candor_initialize_2/src/test/java/original/id_78Test.java
2025-05-26 18:58:49,489   INFO : 

 Processing file: /home/qinghua/projects/matg/data/HumanEvalJava/candor_initialize_2/src/main/java/original/id_98.java (65/160)
2025-05-26 18:58:49,489   INFO : Test file already exists at /home/qinghua/projects/matg/data/HumanEvalJava/candor_initialize_2/src/test/java/original/id_98Test.java
2025-05-26 18:58:49,489   INFO : 

 Processing file: /home/qinghua/projects/matg/data/HumanEvalJava/candor_initialize_2/src/main/java/original/id_108.java (66/160)
2025-05-26 18:58:49,489   INFO : Test file already exists at /home/qinghua/projects/matg/data/HumanEvalJava/candor_initialize_2/src/test/java/original/id_108Test.java
2025-05-26 18:58:49,489   INFO : 

 Processing file: /home/qinghua/projects/matg/data/HumanEvalJava/candor_initialize_2/src/main/java/original/id_27.java (67/160)
2025-05-26 18:58:49,489   INFO : Test file already exists at /home/qinghua/projects/matg/data/HumanEvalJava/candor_initialize_2/src/test/java/original/id_27Test.java
2025-05-26 18:58:49,489   INFO : 

 Processing file: /home/qinghua/projects/matg/data/HumanEvalJava/candor_initialize_2/src/main/java/original/id_82.java (68/160)
2025-05-26 18:58:49,489   INFO : Test file already exists at /home/qinghua/projects/matg/data/HumanEvalJava/candor_initialize_2/src/test/java/original/id_82Test.java
2025-05-26 18:58:49,489   INFO : 

 Processing file: /home/qinghua/projects/matg/data/HumanEvalJava/candor_initialize_2/src/main/java/original/id_143.java (69/160)
2025-05-26 18:58:49,489   INFO : Test file already exists at /home/qinghua/projects/matg/data/HumanEvalJava/candor_initialize_2/src/test/java/original/id_143Test.java
2025-05-26 18:58:49,489   INFO : 

 Processing file: /home/qinghua/projects/matg/data/HumanEvalJava/candor_initialize_2/src/main/java/original/id_60.java (70/160)
2025-05-26 18:58:49,489   INFO : Test file already exists at /home/qinghua/projects/matg/data/HumanEvalJava/candor_initialize_2/src/test/java/original/id_60Test.java
2025-05-26 18:58:49,489   INFO : 

 Processing file: /home/qinghua/projects/matg/data/HumanEvalJava/candor_initialize_2/src/main/java/original/id_128.java (71/160)
2025-05-26 18:58:49,489   INFO : Test file already exists at /home/qinghua/projects/matg/data/HumanEvalJava/candor_initialize_2/src/test/java/original/id_128Test.java
2025-05-26 18:58:49,489   INFO : 

 Processing file: /home/qinghua/projects/matg/data/HumanEvalJava/candor_initialize_2/src/main/java/original/id_105.java (72/160)
2025-05-26 18:58:49,489   INFO : Test file already exists at /home/qinghua/projects/matg/data/HumanEvalJava/candor_initialize_2/src/test/java/original/id_105Test.java
2025-05-26 18:58:49,489   INFO : 

 Processing file: /home/qinghua/projects/matg/data/HumanEvalJava/candor_initialize_2/src/main/java/original/id_121.java (73/160)
2025-05-26 18:58:49,489   INFO : Test file already exists at /home/qinghua/projects/matg/data/HumanEvalJava/candor_initialize_2/src/test/java/original/id_121Test.java
2025-05-26 18:58:49,489   INFO : 

 Processing file: /home/qinghua/projects/matg/data/HumanEvalJava/candor_initialize_2/src/main/java/original/id_137.java (74/160)
2025-05-26 18:58:49,489   INFO : Test file already exists at /home/qinghua/projects/matg/data/HumanEvalJava/candor_initialize_2/src/test/java/original/id_137Test.java
2025-05-26 18:58:49,489   INFO : 

 Processing file: /home/qinghua/projects/matg/data/HumanEvalJava/candor_initialize_2/src/main/java/original/id_12.java (75/160)
2025-05-26 18:58:49,489   INFO : Test file already exists at /home/qinghua/projects/matg/data/HumanEvalJava/candor_initialize_2/src/test/java/original/id_12Test.java
2025-05-26 18:58:49,489   INFO : 

 Processing file: /home/qinghua/projects/matg/data/HumanEvalJava/candor_initialize_2/src/main/java/original/id_134.java (76/160)
2025-05-26 18:58:49,489   INFO : Test file already exists at /home/qinghua/projects/matg/data/HumanEvalJava/candor_initialize_2/src/test/java/original/id_134Test.java
2025-05-26 18:58:49,489   INFO : 

 Processing file: /home/qinghua/projects/matg/data/HumanEvalJava/candor_initialize_2/src/main/java/original/id_94.java (77/160)
2025-05-26 18:58:49,489   INFO : Test file already exists at /home/qinghua/projects/matg/data/HumanEvalJava/candor_initialize_2/src/test/java/original/id_94Test.java
2025-05-26 18:58:49,489   INFO : 

 Processing file: /home/qinghua/projects/matg/data/HumanEvalJava/candor_initialize_2/src/main/java/original/id_90.java (78/160)
2025-05-26 18:58:49,489   INFO : Test file already exists at /home/qinghua/projects/matg/data/HumanEvalJava/candor_initialize_2/src/test/java/original/id_90Test.java
2025-05-26 18:58:49,489   INFO : 

 Processing file: /home/qinghua/projects/matg/data/HumanEvalJava/candor_initialize_2/src/main/java/original/id_58.java (79/160)
2025-05-26 18:58:49,489   INFO : Test file already exists at /home/qinghua/projects/matg/data/HumanEvalJava/candor_initialize_2/src/test/java/original/id_58Test.java
2025-05-26 18:58:49,489   INFO : 

 Processing file: /home/qinghua/projects/matg/data/HumanEvalJava/candor_initialize_2/src/main/java/original/id_148.java (80/160)
2025-05-26 18:58:49,489   INFO : Test file already exists at /home/qinghua/projects/matg/data/HumanEvalJava/candor_initialize_2/src/test/java/original/id_148Test.java
2025-05-26 18:58:49,489   INFO : 

 Processing file: /home/qinghua/projects/matg/data/HumanEvalJava/candor_initialize_2/src/main/java/original/id_157.java (81/160)
2025-05-26 18:58:49,489   INFO : Test file already exists at /home/qinghua/projects/matg/data/HumanEvalJava/candor_initialize_2/src/test/java/original/id_157Test.java
2025-05-26 18:58:49,489   INFO : 

 Processing file: /home/qinghua/projects/matg/data/HumanEvalJava/candor_initialize_2/src/main/java/original/id_17.java (82/160)
2025-05-26 18:58:49,489   INFO : Test file already exists at /home/qinghua/projects/matg/data/HumanEvalJava/candor_initialize_2/src/test/java/original/id_17Test.java
2025-05-26 18:58:49,489   INFO : 

 Processing file: /home/qinghua/projects/matg/data/HumanEvalJava/candor_initialize_2/src/main/java/original/id_57.java (83/160)
2025-05-26 18:58:49,489   INFO : Test file already exists at /home/qinghua/projects/matg/data/HumanEvalJava/candor_initialize_2/src/test/java/original/id_57Test.java
2025-05-26 18:58:49,489   INFO : 

 Processing file: /home/qinghua/projects/matg/data/HumanEvalJava/candor_initialize_2/src/main/java/original/id_70.java (84/160)
2025-05-26 18:58:49,489   INFO : Test file already exists at /home/qinghua/projects/matg/data/HumanEvalJava/candor_initialize_2/src/test/java/original/id_70Test.java
2025-05-26 18:58:49,489   INFO : 

 Processing file: /home/qinghua/projects/matg/data/HumanEvalJava/candor_initialize_2/src/main/java/original/id_51.java (85/160)
2025-05-26 18:58:49,489   INFO : Test file already exists at /home/qinghua/projects/matg/data/HumanEvalJava/candor_initialize_2/src/test/java/original/id_51Test.java
2025-05-26 18:58:49,489   INFO : 

 Processing file: /home/qinghua/projects/matg/data/HumanEvalJava/candor_initialize_2/src/main/java/original/id_20.java (86/160)
2025-05-26 18:58:49,489   INFO : Test file already exists at /home/qinghua/projects/matg/data/HumanEvalJava/candor_initialize_2/src/test/java/original/id_20Test.java
2025-05-26 18:58:49,489   INFO : 

 Processing file: /home/qinghua/projects/matg/data/HumanEvalJava/candor_initialize_2/src/main/java/original/id_91.java (87/160)
2025-05-26 18:58:49,489   INFO : Test file already exists at /home/qinghua/projects/matg/data/HumanEvalJava/candor_initialize_2/src/test/java/original/id_91Test.java
2025-05-26 18:58:49,489   INFO : 

 Processing file: /home/qinghua/projects/matg/data/HumanEvalJava/candor_initialize_2/src/main/java/original/id_21.java (88/160)
2025-05-26 18:58:49,489   INFO : Test file already exists at /home/qinghua/projects/matg/data/HumanEvalJava/candor_initialize_2/src/test/java/original/id_21Test.java
2025-05-26 18:58:49,489   INFO : 

 Processing file: /home/qinghua/projects/matg/data/HumanEvalJava/candor_initialize_2/src/main/java/original/id_126.java (89/160)
2025-05-26 18:58:49,489   INFO : Test file already exists at /home/qinghua/projects/matg/data/HumanEvalJava/candor_initialize_2/src/test/java/original/id_126Test.java
2025-05-26 18:58:49,489   INFO : 

 Processing file: /home/qinghua/projects/matg/data/HumanEvalJava/candor_initialize_2/src/main/java/original/id_97.java (90/160)
2025-05-26 18:58:49,489   INFO : Test file already exists at /home/qinghua/projects/matg/data/HumanEvalJava/candor_initialize_2/src/test/java/original/id_97Test.java
2025-05-26 18:58:49,489   INFO : 

 Processing file: /home/qinghua/projects/matg/data/HumanEvalJava/candor_initialize_2/src/main/java/original/id_159.java (91/160)
2025-05-26 18:58:49,489   INFO : Test file already exists at /home/qinghua/projects/matg/data/HumanEvalJava/candor_initialize_2/src/test/java/original/id_159Test.java
2025-05-26 18:58:49,489   INFO : 

 Processing file: /home/qinghua/projects/matg/data/HumanEvalJava/candor_initialize_2/src/main/java/original/id_104.java (92/160)
2025-05-26 18:58:49,489   INFO : Test file already exists at /home/qinghua/projects/matg/data/HumanEvalJava/candor_initialize_2/src/test/java/original/id_104Test.java
2025-05-26 18:58:49,489   INFO : 

 Processing file: /home/qinghua/projects/matg/data/HumanEvalJava/candor_initialize_2/src/main/java/original/id_163.java (93/160)
2025-05-26 18:58:49,489   INFO : Test file already exists at /home/qinghua/projects/matg/data/HumanEvalJava/candor_initialize_2/src/test/java/original/id_163Test.java
2025-05-26 18:58:49,489   INFO : 

 Processing file: /home/qinghua/projects/matg/data/HumanEvalJava/candor_initialize_2/src/main/java/original/id_131.java (94/160)
2025-05-26 18:58:49,489   INFO : Test file already exists at /home/qinghua/projects/matg/data/HumanEvalJava/candor_initialize_2/src/test/java/original/id_131Test.java
2025-05-26 18:58:49,489   INFO : 

 Processing file: /home/qinghua/projects/matg/data/HumanEvalJava/candor_initialize_2/src/main/java/original/id_37.java (95/160)
2025-05-26 18:58:49,489   INFO : Test file already exists at /home/qinghua/projects/matg/data/HumanEvalJava/candor_initialize_2/src/test/java/original/id_37Test.java
2025-05-26 18:58:49,489   INFO : 

 Processing file: /home/qinghua/projects/matg/data/HumanEvalJava/candor_initialize_2/src/main/java/original/id_161.java (96/160)
2025-05-26 18:58:49,489   INFO : Test file already exists at /home/qinghua/projects/matg/data/HumanEvalJava/candor_initialize_2/src/test/java/original/id_161Test.java
2025-05-26 18:58:49,490   INFO : 

 Processing file: /home/qinghua/projects/matg/data/HumanEvalJava/candor_initialize_2/src/main/java/original/id_26.java (97/160)
2025-05-26 18:58:49,490   INFO : Test file already exists at /home/qinghua/projects/matg/data/HumanEvalJava/candor_initialize_2/src/test/java/original/id_26Test.java
2025-05-26 18:58:49,490   INFO : 

 Processing file: /home/qinghua/projects/matg/data/HumanEvalJava/candor_initialize_2/src/main/java/original/id_100.java (98/160)
2025-05-26 18:58:49,490   INFO : Test file already exists at /home/qinghua/projects/matg/data/HumanEvalJava/candor_initialize_2/src/test/java/original/id_100Test.java
2025-05-26 18:58:49,490   INFO : 

 Processing file: /home/qinghua/projects/matg/data/HumanEvalJava/candor_initialize_2/src/main/java/original/id_118.java (99/160)
2025-05-26 18:58:49,490   INFO : Test file already exists at /home/qinghua/projects/matg/data/HumanEvalJava/candor_initialize_2/src/test/java/original/id_118Test.java
2025-05-26 18:58:49,490   INFO : 

 Processing file: /home/qinghua/projects/matg/data/HumanEvalJava/candor_initialize_2/src/main/java/original/id_4.java (100/160)
2025-05-26 18:58:49,490   INFO : Test file already exists at /home/qinghua/projects/matg/data/HumanEvalJava/candor_initialize_2/src/test/java/original/id_4Test.java
2025-05-26 18:58:49,490   INFO : 

 Processing file: /home/qinghua/projects/matg/data/HumanEvalJava/candor_initialize_2/src/main/java/original/id_6.java (101/160)
2025-05-26 18:58:49,490   INFO : Test file already exists at /home/qinghua/projects/matg/data/HumanEvalJava/candor_initialize_2/src/test/java/original/id_6Test.java
2025-05-26 18:58:49,490   INFO : 

 Processing file: /home/qinghua/projects/matg/data/HumanEvalJava/candor_initialize_2/src/main/java/original/id_114.java (102/160)
2025-05-26 18:58:49,490   INFO : Test file already exists at /home/qinghua/projects/matg/data/HumanEvalJava/candor_initialize_2/src/test/java/original/id_114Test.java
2025-05-26 18:58:49,490   INFO : 

 Processing file: /home/qinghua/projects/matg/data/HumanEvalJava/candor_initialize_2/src/main/java/original/id_147.java (103/160)
2025-05-26 18:58:49,490   INFO : Test file already exists at /home/qinghua/projects/matg/data/HumanEvalJava/candor_initialize_2/src/test/java/original/id_147Test.java
2025-05-26 18:58:49,490   INFO : 

 Processing file: /home/qinghua/projects/matg/data/HumanEvalJava/candor_initialize_2/src/main/java/original/id_43.java (104/160)
2025-05-26 18:58:49,490   INFO : Test file already exists at /home/qinghua/projects/matg/data/HumanEvalJava/candor_initialize_2/src/test/java/original/id_43Test.java
2025-05-26 18:58:49,490   INFO : 

 Processing file: /home/qinghua/projects/matg/data/HumanEvalJava/candor_initialize_2/src/main/java/original/id_162.java (105/160)
2025-05-26 18:58:49,490   INFO : Test file already exists at /home/qinghua/projects/matg/data/HumanEvalJava/candor_initialize_2/src/test/java/original/id_162Test.java
2025-05-26 18:58:49,490   INFO : 

 Processing file: /home/qinghua/projects/matg/data/HumanEvalJava/candor_initialize_2/src/main/java/original/id_122.java (106/160)
2025-05-26 18:58:49,490   INFO : Test file already exists at /home/qinghua/projects/matg/data/HumanEvalJava/candor_initialize_2/src/test/java/original/id_122Test.java
2025-05-26 18:58:49,490   INFO : 

 Processing file: /home/qinghua/projects/matg/data/HumanEvalJava/candor_initialize_2/src/main/java/original/id_47.java (107/160)
2025-05-26 18:58:49,490   INFO : Test file already exists at /home/qinghua/projects/matg/data/HumanEvalJava/candor_initialize_2/src/test/java/original/id_47Test.java
2025-05-26 18:58:49,490   INFO : 

 Processing file: /home/qinghua/projects/matg/data/HumanEvalJava/candor_initialize_2/src/main/java/original/id_40.java (108/160)
2025-05-26 18:58:49,490   INFO : Test file already exists at /home/qinghua/projects/matg/data/HumanEvalJava/candor_initialize_2/src/test/java/original/id_40Test.java
2025-05-26 18:58:49,490   INFO : 

 Processing file: /home/qinghua/projects/matg/data/HumanEvalJava/candor_initialize_2/src/main/java/original/id_115.java (109/160)
2025-05-26 18:58:49,490   INFO : Test file already exists at /home/qinghua/projects/matg/data/HumanEvalJava/candor_initialize_2/src/test/java/original/id_115Test.java
2025-05-26 18:58:49,490   INFO : 

 Processing file: /home/qinghua/projects/matg/data/HumanEvalJava/candor_initialize_2/src/main/java/original/id_152.java (110/160)
2025-05-26 18:58:49,490   INFO : Test file already exists at /home/qinghua/projects/matg/data/HumanEvalJava/candor_initialize_2/src/test/java/original/id_152Test.java
2025-05-26 18:58:49,490   INFO : 

 Processing file: /home/qinghua/projects/matg/data/HumanEvalJava/candor_initialize_2/src/main/java/original/id_2.java (111/160)
2025-05-26 18:58:49,490   INFO : Test file already exists at /home/qinghua/projects/matg/data/HumanEvalJava/candor_initialize_2/src/test/java/original/id_2Test.java
2025-05-26 18:58:49,490   INFO : 

 Processing file: /home/qinghua/projects/matg/data/HumanEvalJava/candor_initialize_2/src/main/java/original/id_101.java (112/160)
2025-05-26 18:58:49,490   INFO : Test file already exists at /home/qinghua/projects/matg/data/HumanEvalJava/candor_initialize_2/src/test/java/original/id_101Test.java
2025-05-26 18:58:49,490   INFO : 

 Processing file: /home/qinghua/projects/matg/data/HumanEvalJava/candor_initialize_2/src/main/java/original/id_106.java (113/160)
2025-05-26 18:58:49,490   INFO : Test file already exists at /home/qinghua/projects/matg/data/HumanEvalJava/candor_initialize_2/src/test/java/original/id_106Test.java
2025-05-26 18:58:49,490   INFO : 

 Processing file: /home/qinghua/projects/matg/data/HumanEvalJava/candor_initialize_2/src/main/java/original/id_138.java (114/160)
2025-05-26 18:58:49,490   INFO : Test file already exists at /home/qinghua/projects/matg/data/HumanEvalJava/candor_initialize_2/src/test/java/original/id_138Test.java
2025-05-26 18:58:49,490   INFO : 

 Processing file: /home/qinghua/projects/matg/data/HumanEvalJava/candor_initialize_2/src/main/java/original/id_127.java (115/160)
2025-05-26 18:58:49,490   INFO : Test file already exists at /home/qinghua/projects/matg/data/HumanEvalJava/candor_initialize_2/src/test/java/original/id_127Test.java
2025-05-26 18:58:49,490   INFO : 

 Processing file: /home/qinghua/projects/matg/data/HumanEvalJava/candor_initialize_2/src/main/java/original/id_25.java (116/160)
2025-05-26 18:58:49,490   INFO : Test file already exists at /home/qinghua/projects/matg/data/HumanEvalJava/candor_initialize_2/src/test/java/original/id_25Test.java
2025-05-26 18:58:49,490   INFO : 

 Processing file: /home/qinghua/projects/matg/data/HumanEvalJava/candor_initialize_2/src/main/java/original/id_52.java (117/160)
2025-05-26 18:58:49,490   INFO : Test file already exists at /home/qinghua/projects/matg/data/HumanEvalJava/candor_initialize_2/src/test/java/original/id_52Test.java
2025-05-26 18:58:49,490   INFO : 

 Processing file: /home/qinghua/projects/matg/data/HumanEvalJava/candor_initialize_2/src/main/java/original/id_63.java (118/160)
2025-05-26 18:58:49,490   INFO : Test file already exists at /home/qinghua/projects/matg/data/HumanEvalJava/candor_initialize_2/src/test/java/original/id_63Test.java
2025-05-26 18:58:49,490   INFO : 

 Processing file: /home/qinghua/projects/matg/data/HumanEvalJava/candor_initialize_2/src/main/java/original/id_44.java (119/160)
2025-05-26 18:58:49,490   INFO : Test file already exists at /home/qinghua/projects/matg/data/HumanEvalJava/candor_initialize_2/src/test/java/original/id_44Test.java
2025-05-26 18:58:49,490   INFO : 

 Processing file: /home/qinghua/projects/matg/data/HumanEvalJava/candor_initialize_2/src/main/java/original/id_103.java (120/160)
2025-05-26 18:58:49,490   INFO : Test file already exists at /home/qinghua/projects/matg/data/HumanEvalJava/candor_initialize_2/src/test/java/original/id_103Test.java
2025-05-26 18:58:49,490   INFO : 

 Processing file: /home/qinghua/projects/matg/data/HumanEvalJava/candor_initialize_2/src/main/java/original/id_86.java (121/160)
2025-05-26 18:58:49,490   INFO : Test file already exists at /home/qinghua/projects/matg/data/HumanEvalJava/candor_initialize_2/src/test/java/original/id_86Test.java
2025-05-26 18:58:49,490   INFO : 

 Processing file: /home/qinghua/projects/matg/data/HumanEvalJava/candor_initialize_2/src/main/java/original/id_35.java (122/160)
2025-05-26 18:58:49,490   INFO : Test file already exists at /home/qinghua/projects/matg/data/HumanEvalJava/candor_initialize_2/src/test/java/original/id_35Test.java
2025-05-26 18:58:49,490   INFO : 

 Processing file: /home/qinghua/projects/matg/data/HumanEvalJava/candor_initialize_2/src/main/java/original/id_46.java (123/160)
2025-05-26 18:58:49,490   INFO : Test file already exists at /home/qinghua/projects/matg/data/HumanEvalJava/candor_initialize_2/src/test/java/original/id_46Test.java
2025-05-26 18:58:49,490   INFO : 

 Processing file: /home/qinghua/projects/matg/data/HumanEvalJava/candor_initialize_2/src/main/java/original/id_54.java (124/160)
2025-05-26 18:58:49,490   INFO : Test file already exists at /home/qinghua/projects/matg/data/HumanEvalJava/candor_initialize_2/src/test/java/original/id_54Test.java
2025-05-26 18:58:49,490   INFO : 

 Processing file: /home/qinghua/projects/matg/data/HumanEvalJava/candor_initialize_2/src/main/java/original/id_65.java (125/160)
2025-05-26 18:58:49,490   INFO : Test file already exists at /home/qinghua/projects/matg/data/HumanEvalJava/candor_initialize_2/src/test/java/original/id_65Test.java
2025-05-26 18:58:49,490   INFO : 

 Processing file: /home/qinghua/projects/matg/data/HumanEvalJava/candor_initialize_2/src/main/java/original/id_96.java (126/160)
2025-05-26 18:58:49,490   INFO : Test file already exists at /home/qinghua/projects/matg/data/HumanEvalJava/candor_initialize_2/src/test/java/original/id_96Test.java
2025-05-26 18:58:49,490   INFO : 

 Processing file: /home/qinghua/projects/matg/data/HumanEvalJava/candor_initialize_2/src/main/java/original/id_149.java (127/160)
2025-05-26 18:58:49,490   INFO : Test file already exists at /home/qinghua/projects/matg/data/HumanEvalJava/candor_initialize_2/src/test/java/original/id_149Test.java
2025-05-26 18:58:49,490   INFO : 

 Processing file: /home/qinghua/projects/matg/data/HumanEvalJava/candor_initialize_2/src/main/java/original/id_56.java (128/160)
2025-05-26 18:58:49,490   INFO : Test file already exists at /home/qinghua/projects/matg/data/HumanEvalJava/candor_initialize_2/src/test/java/original/id_56Test.java
2025-05-26 18:58:49,490   INFO : 

 Processing file: /home/qinghua/projects/matg/data/HumanEvalJava/candor_initialize_2/src/main/java/original/id_145.java (129/160)
2025-05-26 18:58:49,490   INFO : Test file already exists at /home/qinghua/projects/matg/data/HumanEvalJava/candor_initialize_2/src/test/java/original/id_145Test.java
2025-05-26 18:58:49,490   INFO : 

 Processing file: /home/qinghua/projects/matg/data/HumanEvalJava/candor_initialize_2/src/main/java/original/id_64.java (130/160)
2025-05-26 18:58:49,490   INFO : Test file already exists at /home/qinghua/projects/matg/data/HumanEvalJava/candor_initialize_2/src/test/java/original/id_64Test.java
2025-05-26 18:58:49,490   INFO : 

 Processing file: /home/qinghua/projects/matg/data/HumanEvalJava/candor_initialize_2/src/main/java/original/id_7.java (131/160)
2025-05-26 18:58:49,490   INFO : Test file already exists at /home/qinghua/projects/matg/data/HumanEvalJava/candor_initialize_2/src/test/java/original/id_7Test.java
2025-05-26 18:58:49,490   INFO : 

 Processing file: /home/qinghua/projects/matg/data/HumanEvalJava/candor_initialize_2/src/main/java/original/id_45.java (132/160)
2025-05-26 18:58:49,490   INFO : Test file already exists at /home/qinghua/projects/matg/data/HumanEvalJava/candor_initialize_2/src/test/java/original/id_45Test.java
2025-05-26 18:58:49,490   INFO : 

 Processing file: /home/qinghua/projects/matg/data/HumanEvalJava/candor_initialize_2/src/main/java/original/id_22.java (133/160)
2025-05-26 18:58:49,490   INFO : Test file already exists at /home/qinghua/projects/matg/data/HumanEvalJava/candor_initialize_2/src/test/java/original/id_22Test.java
2025-05-26 18:58:49,490   INFO : 

 Processing file: /home/qinghua/projects/matg/data/HumanEvalJava/candor_initialize_2/src/main/java/original/id_110.java (134/160)
2025-05-26 18:58:49,491   INFO : Test file already exists at /home/qinghua/projects/matg/data/HumanEvalJava/candor_initialize_2/src/test/java/original/id_110Test.java
2025-05-26 18:58:49,491   INFO : 

 Processing file: /home/qinghua/projects/matg/data/HumanEvalJava/candor_initialize_2/src/main/java/original/id_89.java (135/160)
2025-05-26 18:58:49,491   INFO : Test file already exists at /home/qinghua/projects/matg/data/HumanEvalJava/candor_initialize_2/src/test/java/original/id_89Test.java
2025-05-26 18:58:49,491   INFO : 

 Processing file: /home/qinghua/projects/matg/data/HumanEvalJava/candor_initialize_2/src/main/java/original/id_155.java (136/160)
2025-05-26 18:58:49,491   INFO : Test file already exists at /home/qinghua/projects/matg/data/HumanEvalJava/candor_initialize_2/src/test/java/original/id_155Test.java
2025-05-26 18:58:49,491   INFO : 

 Processing file: /home/qinghua/projects/matg/data/HumanEvalJava/candor_initialize_2/src/main/java/original/id_87.java (137/160)
2025-05-26 18:58:49,491   INFO : Test file already exists at /home/qinghua/projects/matg/data/HumanEvalJava/candor_initialize_2/src/test/java/original/id_87Test.java
2025-05-26 18:58:49,491   INFO : 

 Processing file: /home/qinghua/projects/matg/data/HumanEvalJava/candor_initialize_2/src/main/java/original/id_113.java (138/160)
2025-05-26 18:58:49,491   INFO : Test file already exists at /home/qinghua/projects/matg/data/HumanEvalJava/candor_initialize_2/src/test/java/original/id_113Test.java
2025-05-26 18:58:49,491   INFO : 

 Processing file: /home/qinghua/projects/matg/data/HumanEvalJava/candor_initialize_2/src/main/java/original/id_68.java (139/160)
2025-05-26 18:58:49,491   INFO : Test file already exists at /home/qinghua/projects/matg/data/HumanEvalJava/candor_initialize_2/src/test/java/original/id_68Test.java
2025-05-26 18:58:49,491   INFO : 

 Processing file: /home/qinghua/projects/matg/data/HumanEvalJava/candor_initialize_2/src/main/java/original/id_129.java (140/160)
2025-05-26 18:58:49,491   INFO : Test file already exists at /home/qinghua/projects/matg/data/HumanEvalJava/candor_initialize_2/src/test/java/original/id_129Test.java
2025-05-26 18:58:49,491   INFO : 

 Processing file: /home/qinghua/projects/matg/data/HumanEvalJava/candor_initialize_2/src/main/java/original/id_77.java (141/160)
2025-05-26 18:58:49,491   INFO : Test file already exists at /home/qinghua/projects/matg/data/HumanEvalJava/candor_initialize_2/src/test/java/original/id_77Test.java
2025-05-26 18:58:49,491   INFO : 

 Processing file: /home/qinghua/projects/matg/data/HumanEvalJava/candor_initialize_2/src/main/java/original/id_61.java (142/160)
2025-05-26 18:58:49,491   INFO : Test file already exists at /home/qinghua/projects/matg/data/HumanEvalJava/candor_initialize_2/src/test/java/original/id_61Test.java
2025-05-26 18:58:49,491   INFO : 

 Processing file: /home/qinghua/projects/matg/data/HumanEvalJava/candor_initialize_2/src/main/java/original/id_156.java (143/160)
2025-05-26 18:58:49,491   INFO : Test file already exists at /home/qinghua/projects/matg/data/HumanEvalJava/candor_initialize_2/src/test/java/original/id_156Test.java
2025-05-26 18:58:49,491   INFO : 

 Processing file: /home/qinghua/projects/matg/data/HumanEvalJava/candor_initialize_2/src/main/java/original/id_75.java (144/160)
2025-05-26 18:58:49,491   INFO : Test file already exists at /home/qinghua/projects/matg/data/HumanEvalJava/candor_initialize_2/src/test/java/original/id_75Test.java
2025-05-26 18:58:49,491   INFO : 

 Processing file: /home/qinghua/projects/matg/data/HumanEvalJava/candor_initialize_2/src/main/java/original/id_13.java (145/160)
2025-05-26 18:58:49,491   INFO : Test file already exists at /home/qinghua/projects/matg/data/HumanEvalJava/candor_initialize_2/src/test/java/original/id_13Test.java
2025-05-26 18:58:49,491   INFO : 

 Processing file: /home/qinghua/projects/matg/data/HumanEvalJava/candor_initialize_2/src/main/java/original/id_107.java (146/160)
2025-05-26 18:58:49,491   INFO : Test file already exists at /home/qinghua/projects/matg/data/HumanEvalJava/candor_initialize_2/src/test/java/original/id_107Test.java
2025-05-26 18:58:49,491   INFO : 

 Processing file: /home/qinghua/projects/matg/data/HumanEvalJava/candor_initialize_2/src/main/java/original/id_24.java (147/160)
2025-05-26 18:58:49,491   INFO : Test file already exists at /home/qinghua/projects/matg/data/HumanEvalJava/candor_initialize_2/src/test/java/original/id_24Test.java
2025-05-26 18:58:49,491   INFO : 

 Processing file: /home/qinghua/projects/matg/data/HumanEvalJava/candor_initialize_2/src/main/java/original/id_141.java (148/160)
2025-05-26 18:58:49,491   INFO : Test file already exists at /home/qinghua/projects/matg/data/HumanEvalJava/candor_initialize_2/src/test/java/original/id_141Test.java
2025-05-26 18:58:49,491   INFO : 

 Processing file: /home/qinghua/projects/matg/data/HumanEvalJava/candor_initialize_2/src/main/java/original/id_5.java (149/160)
2025-05-26 18:58:49,491   INFO : Test file already exists at /home/qinghua/projects/matg/data/HumanEvalJava/candor_initialize_2/src/test/java/original/id_5Test.java
2025-05-26 18:58:49,491   INFO : 

 Processing file: /home/qinghua/projects/matg/data/HumanEvalJava/candor_initialize_2/src/main/java/original/id_55.java (150/160)
2025-05-26 18:58:49,491   INFO : Test file already exists at /home/qinghua/projects/matg/data/HumanEvalJava/candor_initialize_2/src/test/java/original/id_55Test.java
2025-05-26 18:58:49,491   INFO : 

 Processing file: /home/qinghua/projects/matg/data/HumanEvalJava/candor_initialize_2/src/main/java/original/id_36.java (151/160)
2025-05-26 18:58:49,491   INFO : Test file already exists at /home/qinghua/projects/matg/data/HumanEvalJava/candor_initialize_2/src/test/java/original/id_36Test.java
2025-05-26 18:58:49,491   INFO : 

 Processing file: /home/qinghua/projects/matg/data/HumanEvalJava/candor_initialize_2/src/main/java/original/id_14.java (152/160)
2025-05-26 18:58:49,491   INFO : Test file already exists at /home/qinghua/projects/matg/data/HumanEvalJava/candor_initialize_2/src/test/java/original/id_14Test.java
2025-05-26 18:58:49,491   INFO : 

 Processing file: /home/qinghua/projects/matg/data/HumanEvalJava/candor_initialize_2/src/main/java/original/id_124.java (153/160)
2025-05-26 18:58:49,491   INFO : Test file already exists at /home/qinghua/projects/matg/data/HumanEvalJava/candor_initialize_2/src/test/java/original/id_124Test.java
2025-05-26 18:58:49,491   INFO : 

 Processing file: /home/qinghua/projects/matg/data/HumanEvalJava/candor_initialize_2/src/main/java/original/id_142.java (154/160)
2025-05-26 18:58:49,491   INFO : Test file already exists at /home/qinghua/projects/matg/data/HumanEvalJava/candor_initialize_2/src/test/java/original/id_142Test.java
2025-05-26 18:58:49,491   INFO : 

 Processing file: /home/qinghua/projects/matg/data/HumanEvalJava/candor_initialize_2/src/main/java/original/id_59.java (155/160)
2025-05-26 18:58:49,491   INFO : Test file already exists at /home/qinghua/projects/matg/data/HumanEvalJava/candor_initialize_2/src/test/java/original/id_59Test.java
2025-05-26 18:58:49,491   INFO : 

 Processing file: /home/qinghua/projects/matg/data/HumanEvalJava/candor_initialize_2/src/main/java/original/id_62.java (156/160)
2025-05-26 18:58:49,491   INFO : Test file already exists at /home/qinghua/projects/matg/data/HumanEvalJava/candor_initialize_2/src/test/java/original/id_62Test.java
2025-05-26 18:58:49,491   INFO : 

 Processing file: /home/qinghua/projects/matg/data/HumanEvalJava/candor_initialize_2/src/main/java/original/id_151.java (157/160)
2025-05-26 18:58:49,491   INFO : Test file already exists at /home/qinghua/projects/matg/data/HumanEvalJava/candor_initialize_2/src/test/java/original/id_151Test.java
2025-05-26 18:58:49,491   INFO : 

 Processing file: /home/qinghua/projects/matg/data/HumanEvalJava/candor_initialize_2/src/main/java/original/id_30.java (158/160)
2025-05-26 18:58:49,491   INFO : Test file already exists at /home/qinghua/projects/matg/data/HumanEvalJava/candor_initialize_2/src/test/java/original/id_30Test.java
2025-05-26 18:58:49,491   INFO : 

 Processing file: /home/qinghua/projects/matg/data/HumanEvalJava/candor_initialize_2/src/main/java/original/id_69.java (159/160)
2025-05-26 18:58:49,491   INFO : Test file already exists at /home/qinghua/projects/matg/data/HumanEvalJava/candor_initialize_2/src/test/java/original/id_69Test.java
2025-05-26 18:58:49,491   INFO : 

 Processing file: /home/qinghua/projects/matg/data/HumanEvalJava/candor_initialize_2/src/main/java/original/id_76.java (160/160)
2025-05-26 18:58:49,491   INFO : Test file already exists at /home/qinghua/projects/matg/data/HumanEvalJava/candor_initialize_2/src/test/java/original/id_76Test.java
